[0.698s] Invoking command in '/home/vicen/ISDEFE/GZ_HLA_ws/src/Bridge_HLA2ROS2': DEBUGINFOD_URLS=https://debuginfod.ubuntu.com PYTHONPATH=/home/vicen/ISDEFE/GZ_HLA_ws/build/bridge_hla2ros2/prefix_override:/usr/lib/python3/dist-packages/colcon_core/task/python/colcon_distutils_commands:/home/vicen/ISDEFE/GZ_HLA_ws/install/bridge_hla2ros2/lib/python3.12/site-packages:${PYTHONPATH} /usr/bin/python3 -W ignore:setup.py install is deprecated -W ignore:easy_install command is deprecated setup.py egg_info --egg-base ../../build/bridge_hla2ros2 build --build-base /home/vicen/ISDEFE/GZ_HLA_ws/build/bridge_hla2ros2/build install --record /home/vicen/ISDEFE/GZ_HLA_ws/build/bridge_hla2ros2/install.log --single-version-externally-managed install_data
[0.916s] running egg_info
[0.933s] writing ../../build/bridge_hla2ros2/bridge_hla2ros2.egg-info/PKG-INFO
[0.933s] writing dependency_links to ../../build/bridge_hla2ros2/bridge_hla2ros2.egg-info/dependency_links.txt
[0.934s] writing entry points to ../../build/bridge_hla2ros2/bridge_hla2ros2.egg-info/entry_points.txt
[0.934s] writing requirements to ../../build/bridge_hla2ros2/bridge_hla2ros2.egg-info/requires.txt
[0.934s] writing top-level names to ../../build/bridge_hla2ros2/bridge_hla2ros2.egg-info/top_level.txt
[0.969s] reading manifest file '../../build/bridge_hla2ros2/bridge_hla2ros2.egg-info/SOURCES.txt'
[0.970s] writing manifest file '../../build/bridge_hla2ros2/bridge_hla2ros2.egg-info/SOURCES.txt'
[0.970s] running build
[0.970s] running build_py
[0.970s] copying src/universal_bridge.py -> /home/vicen/ISDEFE/GZ_HLA_ws/build/bridge_hla2ros2/build/lib/bridge_hla2ros2
[0.971s] running install
[0.975s] running install_lib
[0.994s] copying /home/vicen/ISDEFE/GZ_HLA_ws/build/bridge_hla2ros2/build/lib/bridge_hla2ros2/universal_bridge.py -> /home/vicen/ISDEFE/GZ_HLA_ws/install/bridge_hla2ros2/lib/python3.12/site-packages/bridge_hla2ros2
[0.994s] byte-compiling /home/vicen/ISDEFE/GZ_HLA_ws/install/bridge_hla2ros2/lib/python3.12/site-packages/bridge_hla2ros2/universal_bridge.py to universal_bridge.cpython-312.pyc
[0.997s] running install_data
[0.997s] running install_egg_info
[1.017s] removing '/home/vicen/ISDEFE/GZ_HLA_ws/install/bridge_hla2ros2/lib/python3.12/site-packages/bridge_hla2ros2-0.0.0-py3.12.egg-info' (and everything under it)
[1.017s] Copying ../../build/bridge_hla2ros2/bridge_hla2ros2.egg-info to /home/vicen/ISDEFE/GZ_HLA_ws/install/bridge_hla2ros2/lib/python3.12/site-packages/bridge_hla2ros2-0.0.0-py3.12.egg-info
[1.017s] running install_scripts
[1.169s] Installing universal_bridge script to /home/vicen/ISDEFE/GZ_HLA_ws/install/bridge_hla2ros2/lib/bridge_hla2ros2
[1.170s] writing list of installed files to '/home/vicen/ISDEFE/GZ_HLA_ws/build/bridge_hla2ros2/install.log'
[1.199s] Invoked command in '/home/vicen/ISDEFE/GZ_HLA_ws/src/Bridge_HLA2ROS2' returned '0': DEBUGINFOD_URLS=https://debuginfod.ubuntu.com PYTHONPATH=/home/vicen/ISDEFE/GZ_HLA_ws/build/bridge_hla2ros2/prefix_override:/usr/lib/python3/dist-packages/colcon_core/task/python/colcon_distutils_commands:/home/vicen/ISDEFE/GZ_HLA_ws/install/bridge_hla2ros2/lib/python3.12/site-packages:${PYTHONPATH} /usr/bin/python3 -W ignore:setup.py install is deprecated -W ignore:easy_install command is deprecated setup.py egg_info --egg-base ../../build/bridge_hla2ros2 build --build-base /home/vicen/ISDEFE/GZ_HLA_ws/build/bridge_hla2ros2/build install --record /home/vicen/ISDEFE/GZ_HLA_ws/build/bridge_hla2ros2/install.log --single-version-externally-managed install_data
