running egg_info
creating ../../build/bridge_hla2ros2/bridge_hla2ros2.egg-info
writing ../../build/bridge_hla2ros2/bridge_hla2ros2.egg-info/PKG-INFO
writing dependency_links to ../../build/bridge_hla2ros2/bridge_hla2ros2.egg-info/dependency_links.txt
writing entry points to ../../build/bridge_hla2ros2/bridge_hla2ros2.egg-info/entry_points.txt
writing requirements to ../../build/bridge_hla2ros2/bridge_hla2ros2.egg-info/requires.txt
writing top-level names to ../../build/bridge_hla2ros2/bridge_hla2ros2.egg-info/top_level.txt
writing manifest file '../../build/bridge_hla2ros2/bridge_hla2ros2.egg-info/SOURCES.txt'
reading manifest file '../../build/bridge_hla2ros2/bridge_hla2ros2.egg-info/SOURCES.txt'
writing manifest file '../../build/bridge_hla2ros2/bridge_hla2ros2.egg-info/SOURCES.txt'
running build
running build_py
creating /home/vicen/ISDEFE/GZ_HLA_ws/build/bridge_hla2ros2/build
creating /home/vicen/ISDEFE/GZ_HLA_ws/build/bridge_hla2ros2/build/lib
creating /home/vicen/ISDEFE/GZ_HLA_ws/build/bridge_hla2ros2/build/lib/bridge_hla2ros2
copying src/fom_generator.py -> /home/vicen/ISDEFE/GZ_HLA_ws/build/bridge_hla2ros2/build/lib/bridge_hla2ros2
copying src/universal_bridge.py -> /home/vicen/ISDEFE/GZ_HLA_ws/build/bridge_hla2ros2/build/lib/bridge_hla2ros2
copying src/__init__.py -> /home/vicen/ISDEFE/GZ_HLA_ws/build/bridge_hla2ros2/build/lib/bridge_hla2ros2
copying src/bridge_ambassador.py -> /home/vicen/ISDEFE/GZ_HLA_ws/build/bridge_hla2ros2/build/lib/bridge_hla2ros2
copying src/undock_adapter.py -> /home/vicen/ISDEFE/GZ_HLA_ws/build/bridge_hla2ros2/build/lib/bridge_hla2ros2
running install
running install_lib
creating /home/vicen/ISDEFE/GZ_HLA_ws/install/bridge_hla2ros2/lib/python3.12/site-packages/bridge_hla2ros2
copying /home/vicen/ISDEFE/GZ_HLA_ws/build/bridge_hla2ros2/build/lib/bridge_hla2ros2/fom_generator.py -> /home/vicen/ISDEFE/GZ_HLA_ws/install/bridge_hla2ros2/lib/python3.12/site-packages/bridge_hla2ros2
copying /home/vicen/ISDEFE/GZ_HLA_ws/build/bridge_hla2ros2/build/lib/bridge_hla2ros2/universal_bridge.py -> /home/vicen/ISDEFE/GZ_HLA_ws/install/bridge_hla2ros2/lib/python3.12/site-packages/bridge_hla2ros2
copying /home/vicen/ISDEFE/GZ_HLA_ws/build/bridge_hla2ros2/build/lib/bridge_hla2ros2/__init__.py -> /home/vicen/ISDEFE/GZ_HLA_ws/install/bridge_hla2ros2/lib/python3.12/site-packages/bridge_hla2ros2
copying /home/vicen/ISDEFE/GZ_HLA_ws/build/bridge_hla2ros2/build/lib/bridge_hla2ros2/bridge_ambassador.py -> /home/vicen/ISDEFE/GZ_HLA_ws/install/bridge_hla2ros2/lib/python3.12/site-packages/bridge_hla2ros2
copying /home/vicen/ISDEFE/GZ_HLA_ws/build/bridge_hla2ros2/build/lib/bridge_hla2ros2/undock_adapter.py -> /home/vicen/ISDEFE/GZ_HLA_ws/install/bridge_hla2ros2/lib/python3.12/site-packages/bridge_hla2ros2
byte-compiling /home/vicen/ISDEFE/GZ_HLA_ws/install/bridge_hla2ros2/lib/python3.12/site-packages/bridge_hla2ros2/fom_generator.py to fom_generator.cpython-312.pyc
byte-compiling /home/vicen/ISDEFE/GZ_HLA_ws/install/bridge_hla2ros2/lib/python3.12/site-packages/bridge_hla2ros2/universal_bridge.py to universal_bridge.cpython-312.pyc
byte-compiling /home/vicen/ISDEFE/GZ_HLA_ws/install/bridge_hla2ros2/lib/python3.12/site-packages/bridge_hla2ros2/__init__.py to __init__.cpython-312.pyc
byte-compiling /home/vicen/ISDEFE/GZ_HLA_ws/install/bridge_hla2ros2/lib/python3.12/site-packages/bridge_hla2ros2/bridge_ambassador.py to bridge_ambassador.cpython-312.pyc
byte-compiling /home/vicen/ISDEFE/GZ_HLA_ws/install/bridge_hla2ros2/lib/python3.12/site-packages/bridge_hla2ros2/undock_adapter.py to undock_adapter.cpython-312.pyc
running install_data
creating /home/vicen/ISDEFE/GZ_HLA_ws/install/bridge_hla2ros2/share/ament_index
creating /home/vicen/ISDEFE/GZ_HLA_ws/install/bridge_hla2ros2/share/ament_index/resource_index
creating /home/vicen/ISDEFE/GZ_HLA_ws/install/bridge_hla2ros2/share/ament_index/resource_index/packages
copying resource/bridge_hla2ros2 -> /home/vicen/ISDEFE/GZ_HLA_ws/install/bridge_hla2ros2/share/ament_index/resource_index/packages
copying package.xml -> /home/vicen/ISDEFE/GZ_HLA_ws/install/bridge_hla2ros2/share/bridge_hla2ros2
creating /home/vicen/ISDEFE/GZ_HLA_ws/install/bridge_hla2ros2/share/bridge_hla2ros2/config
copying config/bridge_config.yaml -> /home/vicen/ISDEFE/GZ_HLA_ws/install/bridge_hla2ros2/share/bridge_hla2ros2/config
copying config/turtlebot4_config.yaml -> /home/vicen/ISDEFE/GZ_HLA_ws/install/bridge_hla2ros2/share/bridge_hla2ros2/config
creating /home/vicen/ISDEFE/GZ_HLA_ws/install/bridge_hla2ros2/share/bridge_hla2ros2/generated
copying generated/universal_fom.xml -> /home/vicen/ISDEFE/GZ_HLA_ws/install/bridge_hla2ros2/share/bridge_hla2ros2/generated
running install_egg_info
Copying ../../build/bridge_hla2ros2/bridge_hla2ros2.egg-info to /home/vicen/ISDEFE/GZ_HLA_ws/install/bridge_hla2ros2/lib/python3.12/site-packages/bridge_hla2ros2-0.0.0-py3.12.egg-info
running install_scripts
Installing universal_bridge script to /home/vicen/ISDEFE/GZ_HLA_ws/install/bridge_hla2ros2/lib/bridge_hla2ros2
writing list of installed files to '/home/vicen/ISDEFE/GZ_HLA_ws/build/bridge_hla2ros2/install.log'
