[0.013s] Invoking command in '/home/vicen/ISDEFE/GZ_HLA_ws/build/Prototipo_GZ_HLA': CMAKE_PREFIX_PATH=${CMAKE_PREFIX_PATH}:/opt/ros/jazzy DEBUGINFOD_URLS=https://debuginfod.ubuntu.com /usr/bin/cmake --build /home/vicen/ISDEFE/GZ_HLA_ws/build/Prototipo_GZ_HLA -- -j20 -l20
[0.080s] Invoked command in '/home/vicen/ISDEFE/GZ_HLA_ws/build/Prototipo_GZ_HLA' returned '0': CMAKE_PREFIX_PATH=${CMAKE_PREFIX_PATH}:/opt/ros/jazzy DEBUGINFOD_URLS=https://debuginfod.ubuntu.com /usr/bin/cmake --build /home/vicen/ISDEFE/GZ_HLA_ws/build/Prototipo_GZ_HLA -- -j20 -l20
[0.090s] Invoking command in '/home/vicen/ISDEFE/GZ_HLA_ws/build/Prototipo_GZ_HLA': CMAKE_PREFIX_PATH=${CMAKE_PREFIX_PATH}:/opt/ros/jazzy DEBUGINFOD_URLS=https://debuginfod.ubuntu.com /usr/bin/cmake --install /home/vicen/ISDEFE/GZ_HLA_ws/build/Prototipo_GZ_HLA
[0.099s] -- Install configuration: ""
[0.099s] -- Up-to-date: /home/vicen/ISDEFE/GZ_HLA_ws/install/Prototipo_GZ_HLA/share/Prototipo_GZ_HLA/launch
[0.099s] -- Installing: /home/vicen/ISDEFE/GZ_HLA_ws/install/Prototipo_GZ_HLA/share/Prototipo_GZ_HLA/launch/server.launch.py
[0.099s] -- Installing: /home/vicen/ISDEFE/GZ_HLA_ws/install/Prototipo_GZ_HLA/share/Prototipo_GZ_HLA/launch/client.launch.py
[0.099s] -- Up-to-date: /home/vicen/ISDEFE/GZ_HLA_ws/install/Prototipo_GZ_HLA/share/Prototipo_GZ_HLA/config
[0.099s] -- Installing: /home/vicen/ISDEFE/GZ_HLA_ws/install/Prototipo_GZ_HLA/share/Prototipo_GZ_HLA/config/client_robot_2.yaml
[0.100s] -- Installing: /home/vicen/ISDEFE/GZ_HLA_ws/install/Prototipo_GZ_HLA/share/Prototipo_GZ_HLA/config/server_config.yaml
[0.100s] -- Up-to-date: /home/vicen/ISDEFE/GZ_HLA_ws/install/Prototipo_GZ_HLA/share/Prototipo_GZ_HLA/config/client.rviz
[0.100s] -- Up-to-date: /home/vicen/ISDEFE/GZ_HLA_ws/install/Prototipo_GZ_HLA/share/Prototipo_GZ_HLA/config/client_config.yaml
[0.100s] -- Installing: /home/vicen/ISDEFE/GZ_HLA_ws/install/Prototipo_GZ_HLA/share/Prototipo_GZ_HLA/config/client_robot_1.yaml
[0.100s] -- Up-to-date: /home/vicen/ISDEFE/GZ_HLA_ws/install/Prototipo_GZ_HLA/share/Prototipo_GZ_HLA/worlds
[0.100s] -- Installing: /home/vicen/ISDEFE/GZ_HLA_ws/install/Prototipo_GZ_HLA/lib/Prototipo_GZ_HLA/spawn_robot.py
[0.100s] -- Up-to-date: /home/vicen/ISDEFE/GZ_HLA_ws/install/Prototipo_GZ_HLA/lib/Prototipo_GZ_HLA/pose_to_tf.py
[0.100s] -- Up-to-date: /home/vicen/ISDEFE/GZ_HLA_ws/install/Prototipo_GZ_HLA/share/ament_index/resource_index/package_run_dependencies/Prototipo_GZ_HLA
[0.100s] -- Up-to-date: /home/vicen/ISDEFE/GZ_HLA_ws/install/Prototipo_GZ_HLA/share/ament_index/resource_index/parent_prefix_path/Prototipo_GZ_HLA
[0.100s] -- Up-to-date: /home/vicen/ISDEFE/GZ_HLA_ws/install/Prototipo_GZ_HLA/share/Prototipo_GZ_HLA/environment/ament_prefix_path.sh
[0.100s] -- Up-to-date: /home/vicen/ISDEFE/GZ_HLA_ws/install/Prototipo_GZ_HLA/share/Prototipo_GZ_HLA/environment/ament_prefix_path.dsv
[0.100s] -- Up-to-date: /home/vicen/ISDEFE/GZ_HLA_ws/install/Prototipo_GZ_HLA/share/Prototipo_GZ_HLA/environment/path.sh
[0.100s] -- Up-to-date: /home/vicen/ISDEFE/GZ_HLA_ws/install/Prototipo_GZ_HLA/share/Prototipo_GZ_HLA/environment/path.dsv
[0.100s] -- Up-to-date: /home/vicen/ISDEFE/GZ_HLA_ws/install/Prototipo_GZ_HLA/share/Prototipo_GZ_HLA/local_setup.bash
[0.100s] -- Up-to-date: /home/vicen/ISDEFE/GZ_HLA_ws/install/Prototipo_GZ_HLA/share/Prototipo_GZ_HLA/local_setup.sh
[0.100s] -- Up-to-date: /home/vicen/ISDEFE/GZ_HLA_ws/install/Prototipo_GZ_HLA/share/Prototipo_GZ_HLA/local_setup.zsh
[0.100s] -- Up-to-date: /home/vicen/ISDEFE/GZ_HLA_ws/install/Prototipo_GZ_HLA/share/Prototipo_GZ_HLA/local_setup.dsv
[0.100s] -- Installing: /home/vicen/ISDEFE/GZ_HLA_ws/install/Prototipo_GZ_HLA/share/Prototipo_GZ_HLA/package.dsv
[0.101s] -- Up-to-date: /home/vicen/ISDEFE/GZ_HLA_ws/install/Prototipo_GZ_HLA/share/ament_index/resource_index/packages/Prototipo_GZ_HLA
[0.101s] -- Up-to-date: /home/vicen/ISDEFE/GZ_HLA_ws/install/Prototipo_GZ_HLA/share/Prototipo_GZ_HLA/cmake/Prototipo_GZ_HLAConfig.cmake
[0.101s] -- Up-to-date: /home/vicen/ISDEFE/GZ_HLA_ws/install/Prototipo_GZ_HLA/share/Prototipo_GZ_HLA/cmake/Prototipo_GZ_HLAConfig-version.cmake
[0.101s] -- Up-to-date: /home/vicen/ISDEFE/GZ_HLA_ws/install/Prototipo_GZ_HLA/share/Prototipo_GZ_HLA/package.xml
[0.102s] Invoked command in '/home/vicen/ISDEFE/GZ_HLA_ws/build/Prototipo_GZ_HLA' returned '0': CMAKE_PREFIX_PATH=${CMAKE_PREFIX_PATH}:/opt/ros/jazzy DEBUGINFOD_URLS=https://debuginfod.ubuntu.com /usr/bin/cmake --install /home/vicen/ISDEFE/GZ_HLA_ws/build/Prototipo_GZ_HLA
