[0.117s] [34mcolcon[0m [1;30mDEBUG[0m [32mCommand line arguments: ['/usr/bin/colcon', 'build', '--packages-select', 'bridge_hla2ros2'][0m
[0.117s] [34mcolcon[0m [1;30mDEBUG[0m [32mParsed command line arguments: Namespace(log_base=None, log_level=None, verb_name='build', build_base='build', install_base='install', merge_install=False, symlink_install=False, test_result_base=None, continue_on_error=False, executor='parallel', parallel_workers=20, event_handlers=None, ignore_user_meta=False, metas=['./colcon.meta'], base_paths=['.'], packages_ignore=None, packages_ignore_regex=None, paths=None, packages_up_to=None, packages_up_to_regex=None, packages_above=None, packages_above_and_dependencies=None, packages_above_depth=None, packages_select_by_dep=None, packages_skip_by_dep=None, packages_skip_up_to=None, packages_select_build_failed=False, packages_skip_build_finished=False, packages_select_test_failures=False, packages_skip_test_passed=False, packages_select=['bridge_hla2ros2'], packages_skip=None, packages_select_regex=None, packages_skip_regex=None, packages_start=None, packages_end=None, allow_overriding=[], cmake_args=None, cmake_target=None, cmake_target_skip_unavailable=False, cmake_clean_cache=False, cmake_clean_first=False, cmake_force_configure=False, ament_cmake_args=None, catkin_cmake_args=None, catkin_skip_building_tests=False, mixin_files=None, mixin=None, verb_parser=<colcon_mixin.mixin.mixin_argument.MixinArgumentDecorator object at 0x774893c777d0>, verb_extension=<colcon_core.verb.build.BuildVerb object at 0x774893c77200>, main=<bound method BuildVerb.main of <colcon_core.verb.build.BuildVerb object at 0x774893c77200>>, mixin_verb=('build',))[0m
[0.149s] [34mcolcon.colcon_core.package_discovery[0m [1;30mLevel 1[0m discover_packages(colcon_meta) check parameters
[0.150s] [34mcolcon.colcon_core.package_discovery[0m [1;30mLevel 1[0m discover_packages(recursive) check parameters
[0.150s] [34mcolcon.colcon_core.package_discovery[0m [1;30mLevel 1[0m discover_packages(ignore) check parameters
[0.150s] [34mcolcon.colcon_core.package_discovery[0m [1;30mLevel 1[0m discover_packages(path) check parameters
[0.150s] [34mcolcon.colcon_core.package_discovery[0m [1;30mLevel 1[0m discover_packages(colcon_meta) discover
[0.150s] [34mcolcon.colcon_core.package_discovery[0m [1;30mLevel 1[0m discover_packages(recursive) discover
[0.150s] [34mcolcon.colcon_core.package_discovery[0m [1;30mINFO[0m Crawling recursively for packages in '/home/vicen/ISDEFE/GZ_HLA_ws'
[0.150s] [34mcolcon.colcon_core.package_identification[0m [1;30mLevel 1[0m _identify(.) by extensions ['ignore', 'ignore_ament_install']
[0.150s] [34mcolcon.colcon_core.package_identification[0m [1;30mLevel 1[0m _identify(.) by extension 'ignore'
[0.150s] [34mcolcon.colcon_core.package_identification[0m [1;30mLevel 1[0m _identify(.) by extension 'ignore_ament_install'
[0.150s] [34mcolcon.colcon_core.package_identification[0m [1;30mLevel 1[0m _identify(.) by extensions ['colcon_pkg']
[0.150s] [34mcolcon.colcon_core.package_identification[0m [1;30mLevel 1[0m _identify(.) by extension 'colcon_pkg'
[0.150s] [34mcolcon.colcon_core.package_identification[0m [1;30mLevel 1[0m _identify(.) by extensions ['colcon_meta']
[0.150s] [34mcolcon.colcon_core.package_identification[0m [1;30mLevel 1[0m _identify(.) by extension 'colcon_meta'
[0.150s] [34mcolcon.colcon_core.package_identification[0m [1;30mLevel 1[0m _identify(.) by extensions ['ros']
[0.150s] [34mcolcon.colcon_core.package_identification[0m [1;30mLevel 1[0m _identify(.) by extension 'ros'
[0.172s] [34mcolcon.colcon_core.package_identification[0m [1;30mLevel 1[0m _identify(.) by extensions ['cmake', 'python']
[0.172s] [34mcolcon.colcon_core.package_identification[0m [1;30mLevel 1[0m _identify(.) by extension 'cmake'
[0.172s] [34mcolcon.colcon_core.package_identification[0m [1;30mLevel 1[0m _identify(.) by extension 'python'
[0.172s] [34mcolcon.colcon_core.package_identification[0m [1;30mLevel 1[0m _identify(.) by extensions ['python_setup_py']
[0.172s] [34mcolcon.colcon_core.package_identification[0m [1;30mLevel 1[0m _identify(.) by extension 'python_setup_py'
[0.173s] [34mcolcon.colcon_core.package_identification[0m [1;30mLevel 1[0m _identify(build) by extensions ['ignore', 'ignore_ament_install']
[0.173s] [34mcolcon.colcon_core.package_identification[0m [1;30mLevel 1[0m _identify(build) by extension 'ignore'
[0.173s] [34mcolcon.colcon_core.package_identification[0m [1;30mLevel 1[0m _identify(build) ignored
[0.173s] [34mcolcon.colcon_core.package_identification[0m [1;30mLevel 1[0m _identify(install) by extensions ['ignore', 'ignore_ament_install']
[0.173s] [34mcolcon.colcon_core.package_identification[0m [1;30mLevel 1[0m _identify(install) by extension 'ignore'
[0.173s] [34mcolcon.colcon_core.package_identification[0m [1;30mLevel 1[0m _identify(install) ignored
[0.173s] [34mcolcon.colcon_core.package_identification[0m [1;30mLevel 1[0m _identify(log) by extensions ['ignore', 'ignore_ament_install']
[0.173s] [34mcolcon.colcon_core.package_identification[0m [1;30mLevel 1[0m _identify(log) by extension 'ignore'
[0.173s] [34mcolcon.colcon_core.package_identification[0m [1;30mLevel 1[0m _identify(log) ignored
[0.173s] [34mcolcon.colcon_core.package_identification[0m [1;30mLevel 1[0m _identify(src) by extensions ['ignore', 'ignore_ament_install']
[0.173s] [34mcolcon.colcon_core.package_identification[0m [1;30mLevel 1[0m _identify(src) by extension 'ignore'
[0.173s] [34mcolcon.colcon_core.package_identification[0m [1;30mLevel 1[0m _identify(src) by extension 'ignore_ament_install'
[0.173s] [34mcolcon.colcon_core.package_identification[0m [1;30mLevel 1[0m _identify(src) by extensions ['colcon_pkg']
[0.173s] [34mcolcon.colcon_core.package_identification[0m [1;30mLevel 1[0m _identify(src) by extension 'colcon_pkg'
[0.173s] [34mcolcon.colcon_core.package_identification[0m [1;30mLevel 1[0m _identify(src) by extensions ['colcon_meta']
[0.173s] [34mcolcon.colcon_core.package_identification[0m [1;30mLevel 1[0m _identify(src) by extension 'colcon_meta'
[0.173s] [34mcolcon.colcon_core.package_identification[0m [1;30mLevel 1[0m _identify(src) by extensions ['ros']
[0.173s] [34mcolcon.colcon_core.package_identification[0m [1;30mLevel 1[0m _identify(src) by extension 'ros'
[0.173s] [34mcolcon.colcon_core.package_identification[0m [1;30mLevel 1[0m _identify(src) by extensions ['cmake', 'python']
[0.173s] [34mcolcon.colcon_core.package_identification[0m [1;30mLevel 1[0m _identify(src) by extension 'cmake'
[0.173s] [34mcolcon.colcon_core.package_identification[0m [1;30mLevel 1[0m _identify(src) by extension 'python'
[0.173s] [34mcolcon.colcon_core.package_identification[0m [1;30mLevel 1[0m _identify(src) by extensions ['python_setup_py']
[0.173s] [34mcolcon.colcon_core.package_identification[0m [1;30mLevel 1[0m _identify(src) by extension 'python_setup_py'
[0.173s] [34mcolcon.colcon_core.package_identification[0m [1;30mLevel 1[0m _identify(src/Bridge_HLA2ROS2) by extensions ['ignore', 'ignore_ament_install']
[0.174s] [34mcolcon.colcon_core.package_identification[0m [1;30mLevel 1[0m _identify(src/Bridge_HLA2ROS2) by extension 'ignore'
[0.174s] [34mcolcon.colcon_core.package_identification[0m [1;30mLevel 1[0m _identify(src/Bridge_HLA2ROS2) by extension 'ignore_ament_install'
[0.174s] [34mcolcon.colcon_core.package_identification[0m [1;30mLevel 1[0m _identify(src/Bridge_HLA2ROS2) by extensions ['colcon_pkg']
[0.174s] [34mcolcon.colcon_core.package_identification[0m [1;30mLevel 1[0m _identify(src/Bridge_HLA2ROS2) by extension 'colcon_pkg'
[0.174s] [34mcolcon.colcon_core.package_identification[0m [1;30mLevel 1[0m _identify(src/Bridge_HLA2ROS2) by extensions ['colcon_meta']
[0.174s] [34mcolcon.colcon_core.package_identification[0m [1;30mLevel 1[0m _identify(src/Bridge_HLA2ROS2) by extension 'colcon_meta'
[0.174s] [34mcolcon.colcon_core.package_identification[0m [1;30mLevel 1[0m _identify(src/Bridge_HLA2ROS2) by extensions ['ros']
[0.174s] [34mcolcon.colcon_core.package_identification[0m [1;30mLevel 1[0m _identify(src/Bridge_HLA2ROS2) by extension 'ros'
[0.176s] [34mcolcon.colcon_core.package_identification[0m [1;30mDEBUG[0m [32mPackage 'src/Bridge_HLA2ROS2' with type 'ros.ament_python' and name 'bridge_hla2ros2'[0m
[0.176s] [34mcolcon.colcon_core.package_identification[0m [1;30mLevel 1[0m _identify(src/Prototipo_GZ_HLA) by extensions ['ignore', 'ignore_ament_install']
[0.176s] [34mcolcon.colcon_core.package_identification[0m [1;30mLevel 1[0m _identify(src/Prototipo_GZ_HLA) by extension 'ignore'
[0.176s] [34mcolcon.colcon_core.package_identification[0m [1;30mLevel 1[0m _identify(src/Prototipo_GZ_HLA) by extension 'ignore_ament_install'
[0.176s] [34mcolcon.colcon_core.package_identification[0m [1;30mLevel 1[0m _identify(src/Prototipo_GZ_HLA) by extensions ['colcon_pkg']
[0.176s] [34mcolcon.colcon_core.package_identification[0m [1;30mLevel 1[0m _identify(src/Prototipo_GZ_HLA) by extension 'colcon_pkg'
[0.176s] [34mcolcon.colcon_core.package_identification[0m [1;30mLevel 1[0m _identify(src/Prototipo_GZ_HLA) by extensions ['colcon_meta']
[0.176s] [34mcolcon.colcon_core.package_identification[0m [1;30mLevel 1[0m _identify(src/Prototipo_GZ_HLA) by extension 'colcon_meta'
[0.176s] [34mcolcon.colcon_core.package_identification[0m [1;30mLevel 1[0m _identify(src/Prototipo_GZ_HLA) by extensions ['ros']
[0.176s] [34mcolcon.colcon_core.package_identification[0m [1;30mLevel 1[0m _identify(src/Prototipo_GZ_HLA) by extension 'ros'
[0.177s] [34mcolcon.colcon_core.package_identification[0m [1;30mDEBUG[0m [32mPackage 'src/Prototipo_GZ_HLA' with type 'ros.ament_cmake' and name 'Prototipo_GZ_HLA'[0m
[0.177s] [34mcolcon.colcon_core.package_discovery[0m [1;30mLevel 1[0m discover_packages(recursive) using defaults
[0.177s] [34mcolcon.colcon_core.package_discovery[0m [1;30mLevel 1[0m discover_packages(ignore) discover
[0.177s] [34mcolcon.colcon_core.package_discovery[0m [1;30mLevel 1[0m discover_packages(ignore) using defaults
[0.177s] [34mcolcon.colcon_core.package_discovery[0m [1;30mLevel 1[0m discover_packages(path) discover
[0.177s] [34mcolcon.colcon_core.package_discovery[0m [1;30mLevel 1[0m discover_packages(path) using defaults
[0.190s] [34mcolcon.colcon_core.package_selection[0m [1;30mINFO[0m Skipping not selected package 'Prototipo_GZ_HLA' in 'src/Prototipo_GZ_HLA'
[0.191s] [34mcolcon.colcon_core.package_discovery[0m [1;30mLevel 1[0m discover_packages(prefix_path) check parameters
[0.191s] [34mcolcon.colcon_core.package_discovery[0m [1;30mLevel 1[0m discover_packages(prefix_path) discover
[0.194s] [34mcolcon.colcon_installed_package_information.package_discovery[0m [1;30mDEBUG[0m [32mFound 483 installed packages in /opt/ros/jazzy[0m
[0.194s] [34mcolcon.colcon_core.package_discovery[0m [1;30mLevel 1[0m discover_packages(prefix_path) using defaults
[0.310s] [34mcolcon.colcon_core.verb[0m [1;30mLevel 5[0m set package 'bridge_hla2ros2' build argument 'cmake_args' from command line to 'None'
[0.310s] [34mcolcon.colcon_core.verb[0m [1;30mLevel 5[0m set package 'bridge_hla2ros2' build argument 'cmake_target' from command line to 'None'
[0.310s] [34mcolcon.colcon_core.verb[0m [1;30mLevel 5[0m set package 'bridge_hla2ros2' build argument 'cmake_target_skip_unavailable' from command line to 'False'
[0.310s] [34mcolcon.colcon_core.verb[0m [1;30mLevel 5[0m set package 'bridge_hla2ros2' build argument 'cmake_clean_cache' from command line to 'False'
[0.310s] [34mcolcon.colcon_core.verb[0m [1;30mLevel 5[0m set package 'bridge_hla2ros2' build argument 'cmake_clean_first' from command line to 'False'
[0.311s] [34mcolcon.colcon_core.verb[0m [1;30mLevel 5[0m set package 'bridge_hla2ros2' build argument 'cmake_force_configure' from command line to 'False'
[0.311s] [34mcolcon.colcon_core.verb[0m [1;30mLevel 5[0m set package 'bridge_hla2ros2' build argument 'ament_cmake_args' from command line to 'None'
[0.311s] [34mcolcon.colcon_core.verb[0m [1;30mLevel 5[0m set package 'bridge_hla2ros2' build argument 'catkin_cmake_args' from command line to 'None'
[0.311s] [34mcolcon.colcon_core.verb[0m [1;30mLevel 5[0m set package 'bridge_hla2ros2' build argument 'catkin_skip_building_tests' from command line to 'False'
[0.311s] [34mcolcon.colcon_core.verb[0m [1;30mDEBUG[0m [32mBuilding package 'bridge_hla2ros2' with the following arguments: {'ament_cmake_args': None, 'build_base': '/home/vicen/ISDEFE/GZ_HLA_ws/build/bridge_hla2ros2', 'catkin_cmake_args': None, 'catkin_skip_building_tests': False, 'cmake_args': None, 'cmake_clean_cache': False, 'cmake_clean_first': False, 'cmake_force_configure': False, 'cmake_target': None, 'cmake_target_skip_unavailable': False, 'install_base': '/home/vicen/ISDEFE/GZ_HLA_ws/install/bridge_hla2ros2', 'merge_install': False, 'path': '/home/vicen/ISDEFE/GZ_HLA_ws/src/Bridge_HLA2ROS2', 'symlink_install': False, 'test_result_base': None}[0m
[0.312s] [34mcolcon.colcon_core.executor[0m [1;30mINFO[0m Executing jobs using 'parallel' executor
[0.314s] [34mcolcon.colcon_parallel_executor.executor.parallel[0m [1;30mDEBUG[0m [32mrun_until_complete[0m
[0.314s] [34mcolcon.colcon_ros.task.ament_python.build[0m [1;30mINFO[0m Building ROS package in '/home/vicen/ISDEFE/GZ_HLA_ws/src/Bridge_HLA2ROS2' with build type 'ament_python'
[0.314s] [34mcolcon.colcon_core.shell[0m [1;30mLevel 1[0m create_environment_hook('bridge_hla2ros2', 'ament_prefix_path')
[0.319s] [34mcolcon.colcon_core.plugin_system[0m [1;30mINFO[0m Skipping extension 'colcon_core.shell.bat': Not used on non-Windows systems
[0.320s] [34mcolcon.colcon_core.shell[0m [1;30mINFO[0m Creating environment hook '/home/vicen/ISDEFE/GZ_HLA_ws/install/bridge_hla2ros2/share/bridge_hla2ros2/hook/ament_prefix_path.ps1'
[0.321s] [34mcolcon.colcon_core.shell[0m [1;30mINFO[0m Creating environment descriptor '/home/vicen/ISDEFE/GZ_HLA_ws/install/bridge_hla2ros2/share/bridge_hla2ros2/hook/ament_prefix_path.dsv'
[0.322s] [34mcolcon.colcon_core.shell[0m [1;30mINFO[0m Creating environment hook '/home/vicen/ISDEFE/GZ_HLA_ws/install/bridge_hla2ros2/share/bridge_hla2ros2/hook/ament_prefix_path.sh'
[0.323s] [34mcolcon.colcon_core.shell[0m [1;30mINFO[0m Skip shell extension 'powershell' for command environment: Not usable outside of PowerShell
[0.323s] [34mcolcon.colcon_core.shell[0m [1;30mDEBUG[0m [32mSkip shell extension 'dsv' for command environment[0m
[0.597s] [34mcolcon.colcon_core.task.python.build[0m [1;30mINFO[0m Building Python package in '/home/vicen/ISDEFE/GZ_HLA_ws/src/Bridge_HLA2ROS2'
[0.597s] [34mcolcon.colcon_core.shell[0m [1;30mINFO[0m Skip shell extension 'powershell' for command environment: Not usable outside of PowerShell
[0.597s] [34mcolcon.colcon_core.shell[0m [1;30mDEBUG[0m [32mSkip shell extension 'dsv' for command environment[0m
[1.363s] [34mcolcon.colcon_core.event_handler.log_command[0m [1;30mDEBUG[0m [32mInvoking command in '/home/vicen/ISDEFE/GZ_HLA_ws/src/Bridge_HLA2ROS2': DEBUGINFOD_URLS=https://debuginfod.ubuntu.com PYTHONPATH=/home/vicen/ISDEFE/GZ_HLA_ws/build/bridge_hla2ros2/prefix_override:/usr/lib/python3/dist-packages/colcon_core/task/python/colcon_distutils_commands:/home/vicen/ISDEFE/GZ_HLA_ws/install/bridge_hla2ros2/lib/python3.12/site-packages:${PYTHONPATH} /usr/bin/python3 -W ignore:setup.py install is deprecated -W ignore:easy_install command is deprecated setup.py egg_info --egg-base ../../build/bridge_hla2ros2 build --build-base /home/vicen/ISDEFE/GZ_HLA_ws/build/bridge_hla2ros2/build install --record /home/vicen/ISDEFE/GZ_HLA_ws/build/bridge_hla2ros2/install.log --single-version-externally-managed install_data[0m
[2.009s] [34mcolcon.colcon_core.event_handler.log_command[0m [1;30mDEBUG[0m [32mInvoked command in '/home/vicen/ISDEFE/GZ_HLA_ws/src/Bridge_HLA2ROS2' returned '0': DEBUGINFOD_URLS=https://debuginfod.ubuntu.com PYTHONPATH=/home/vicen/ISDEFE/GZ_HLA_ws/build/bridge_hla2ros2/prefix_override:/usr/lib/python3/dist-packages/colcon_core/task/python/colcon_distutils_commands:/home/vicen/ISDEFE/GZ_HLA_ws/install/bridge_hla2ros2/lib/python3.12/site-packages:${PYTHONPATH} /usr/bin/python3 -W ignore:setup.py install is deprecated -W ignore:easy_install command is deprecated setup.py egg_info --egg-base ../../build/bridge_hla2ros2 build --build-base /home/vicen/ISDEFE/GZ_HLA_ws/build/bridge_hla2ros2/build install --record /home/vicen/ISDEFE/GZ_HLA_ws/build/bridge_hla2ros2/install.log --single-version-externally-managed install_data[0m
[2.011s] [34mcolcon.colcon_core.environment[0m [1;30mLevel 1[0m checking '/home/vicen/ISDEFE/GZ_HLA_ws/install/bridge_hla2ros2' for CMake module files
[2.012s] [34mcolcon.colcon_core.environment[0m [1;30mLevel 1[0m checking '/home/vicen/ISDEFE/GZ_HLA_ws/install/bridge_hla2ros2' for CMake config files
[2.012s] [34mcolcon.colcon_core.environment[0m [1;30mLevel 1[0m checking '/home/vicen/ISDEFE/GZ_HLA_ws/install/bridge_hla2ros2/lib'
[2.012s] [34mcolcon.colcon_core.environment[0m [1;30mLevel 1[0m checking '/home/vicen/ISDEFE/GZ_HLA_ws/install/bridge_hla2ros2/bin'
[2.012s] [34mcolcon.colcon_core.environment[0m [1;30mLevel 1[0m checking '/home/vicen/ISDEFE/GZ_HLA_ws/install/bridge_hla2ros2/lib/pkgconfig/bridge_hla2ros2.pc'
[2.013s] [34mcolcon.colcon_core.environment[0m [1;30mLevel 1[0m checking '/home/vicen/ISDEFE/GZ_HLA_ws/install/bridge_hla2ros2/lib/python3.12/site-packages'
[2.013s] [34mcolcon.colcon_core.shell[0m [1;30mLevel 1[0m create_environment_hook('bridge_hla2ros2', 'pythonpath')
[2.013s] [34mcolcon.colcon_core.shell[0m [1;30mINFO[0m Creating environment hook '/home/vicen/ISDEFE/GZ_HLA_ws/install/bridge_hla2ros2/share/bridge_hla2ros2/hook/pythonpath.ps1'
[2.013s] [34mcolcon.colcon_core.shell[0m [1;30mINFO[0m Creating environment descriptor '/home/vicen/ISDEFE/GZ_HLA_ws/install/bridge_hla2ros2/share/bridge_hla2ros2/hook/pythonpath.dsv'
[2.014s] [34mcolcon.colcon_core.shell[0m [1;30mINFO[0m Creating environment hook '/home/vicen/ISDEFE/GZ_HLA_ws/install/bridge_hla2ros2/share/bridge_hla2ros2/hook/pythonpath.sh'
[2.014s] [34mcolcon.colcon_core.environment[0m [1;30mLevel 1[0m checking '/home/vicen/ISDEFE/GZ_HLA_ws/install/bridge_hla2ros2/bin'
[2.014s] [34mcolcon.colcon_core.environment[0m [1;30mLevel 1[0m create_environment_scripts_only(bridge_hla2ros2)
[2.015s] [34mcolcon.colcon_core.shell[0m [1;30mINFO[0m Creating package script '/home/vicen/ISDEFE/GZ_HLA_ws/install/bridge_hla2ros2/share/bridge_hla2ros2/package.ps1'
[2.016s] [34mcolcon.colcon_core.shell[0m [1;30mINFO[0m Creating package descriptor '/home/vicen/ISDEFE/GZ_HLA_ws/install/bridge_hla2ros2/share/bridge_hla2ros2/package.dsv'
[2.017s] [34mcolcon.colcon_core.shell[0m [1;30mINFO[0m Creating package script '/home/vicen/ISDEFE/GZ_HLA_ws/install/bridge_hla2ros2/share/bridge_hla2ros2/package.sh'
[2.018s] [34mcolcon.colcon_core.shell[0m [1;30mINFO[0m Creating package script '/home/vicen/ISDEFE/GZ_HLA_ws/install/bridge_hla2ros2/share/bridge_hla2ros2/package.bash'
[2.019s] [34mcolcon.colcon_core.shell[0m [1;30mINFO[0m Creating package script '/home/vicen/ISDEFE/GZ_HLA_ws/install/bridge_hla2ros2/share/bridge_hla2ros2/package.zsh'
[2.019s] [34mcolcon.colcon_core.environment[0m [1;30mLevel 1[0m create_file_with_runtime_dependencies(/home/vicen/ISDEFE/GZ_HLA_ws/install/bridge_hla2ros2/share/colcon-core/packages/bridge_hla2ros2)
[2.019s] [34mcolcon.colcon_parallel_executor.executor.parallel[0m [1;30mDEBUG[0m [32mclosing loop[0m
[2.020s] [34mcolcon.colcon_parallel_executor.executor.parallel[0m [1;30mDEBUG[0m [32mloop closed[0m
[2.020s] [34mcolcon.colcon_parallel_executor.executor.parallel[0m [1;30mDEBUG[0m [32mrun_until_complete finished with '0'[0m
[2.020s] [34mcolcon.colcon_core.event_reactor[0m [1;30mDEBUG[0m [32mjoining thread[0m
[2.027s] [34mcolcon.colcon_core.plugin_system[0m [1;30mINFO[0m Skipping extension 'colcon_notification.desktop_notification.terminal_notifier': Not used on non-Darwin systems
[2.027s] [34mcolcon.colcon_core.plugin_system[0m [1;30mINFO[0m Skipping extension 'colcon_notification.desktop_notification.win32': Not used on non-Windows systems
[2.027s] [34mcolcon.colcon_notification.desktop_notification[0m [1;30mINFO[0m Sending desktop notification using 'notify2'
[2.045s] [34mcolcon.colcon_core.event_reactor[0m [1;30mDEBUG[0m [32mjoined thread[0m
[2.045s] [34mcolcon.colcon_core.shell[0m [1;30mINFO[0m Creating prefix script '/home/vicen/ISDEFE/GZ_HLA_ws/install/local_setup.ps1'
[2.046s] [34mcolcon.colcon_core.shell[0m [1;30mINFO[0m Creating prefix util module '/home/vicen/ISDEFE/GZ_HLA_ws/install/_local_setup_util_ps1.py'
[2.047s] [34mcolcon.colcon_core.shell[0m [1;30mINFO[0m Creating prefix chain script '/home/vicen/ISDEFE/GZ_HLA_ws/install/setup.ps1'
[2.049s] [34mcolcon.colcon_core.shell[0m [1;30mINFO[0m Creating prefix script '/home/vicen/ISDEFE/GZ_HLA_ws/install/local_setup.sh'
[2.049s] [34mcolcon.colcon_core.shell[0m [1;30mINFO[0m Creating prefix util module '/home/vicen/ISDEFE/GZ_HLA_ws/install/_local_setup_util_sh.py'
[2.050s] [34mcolcon.colcon_core.shell[0m [1;30mINFO[0m Creating prefix chain script '/home/vicen/ISDEFE/GZ_HLA_ws/install/setup.sh'
[2.051s] [34mcolcon.colcon_core.shell[0m [1;30mINFO[0m Creating prefix script '/home/vicen/ISDEFE/GZ_HLA_ws/install/local_setup.bash'
[2.052s] [34mcolcon.colcon_core.shell[0m [1;30mINFO[0m Creating prefix chain script '/home/vicen/ISDEFE/GZ_HLA_ws/install/setup.bash'
[2.055s] [34mcolcon.colcon_core.shell[0m [1;30mINFO[0m Creating prefix script '/home/vicen/ISDEFE/GZ_HLA_ws/install/local_setup.zsh'
[2.056s] [34mcolcon.colcon_core.shell[0m [1;30mINFO[0m Creating prefix chain script '/home/vicen/ISDEFE/GZ_HLA_ws/install/setup.zsh'
