[1.763s] Invoking command in '/home/vicen/ISDEFE/ros2_hla_ws/src/ROS2HLA_Bridge': DEBUGINFOD_URLS=https://debuginfod.ubuntu.com PYTHONPATH=/home/vicen/ISDEFE/ros2_hla_ws/build/ROS2HLA_Bridge/prefix_override:/usr/lib/python3/dist-packages/colcon_core/task/python/colcon_distutils_commands:/home/vicen/ISDEFE/ros2_hla_ws/install/ROS2HLA_Bridge/lib/python3.12/site-packages:${PYTHONPATH} /usr/bin/python3 -W ignore:setup.py install is deprecated -W ignore:easy_install command is deprecated setup.py egg_info --egg-base ../../build/ROS2HLA_Bridge build --build-base /home/vicen/ISDEFE/ros2_hla_ws/build/ROS2HLA_Bridge/build install --record /home/vicen/ISDEFE/ros2_hla_ws/build/ROS2HLA_Bridge/install.log --single-version-externally-managed install_data
[2.297s] running egg_info
[2.342s] writing ../../build/ROS2HLA_Bridge/ROS2HLA_Bridge.egg-info/PKG-INFO
[2.342s] writing dependency_links to ../../build/ROS2HLA_Bridge/ROS2HLA_Bridge.egg-info/dependency_links.txt
[2.342s] writing entry points to ../../build/ROS2HLA_Bridge/ROS2HLA_Bridge.egg-info/entry_points.txt
[2.342s] writing requirements to ../../build/ROS2HLA_Bridge/ROS2HLA_Bridge.egg-info/requires.txt
[2.343s] writing top-level names to ../../build/ROS2HLA_Bridge/ROS2HLA_Bridge.egg-info/top_level.txt
[2.436s] reading manifest file '../../build/ROS2HLA_Bridge/ROS2HLA_Bridge.egg-info/SOURCES.txt'
[2.437s] writing manifest file '../../build/ROS2HLA_Bridge/ROS2HLA_Bridge.egg-info/SOURCES.txt'
[2.438s] running build
[2.438s] running build_py
[2.438s] copying ROS2HLA_Bridge/pose_listener.py -> /home/vicen/ISDEFE/ros2_hla_ws/build/ROS2HLA_Bridge/build/lib/ROS2HLA_Bridge
[2.438s] running install
[2.451s] running install_lib
[2.491s] copying /home/vicen/ISDEFE/ros2_hla_ws/build/ROS2HLA_Bridge/build/lib/ROS2HLA_Bridge/pose_listener.py -> /home/vicen/ISDEFE/ros2_hla_ws/install/ROS2HLA_Bridge/lib/python3.12/site-packages/ROS2HLA_Bridge
[2.492s] byte-compiling /home/vicen/ISDEFE/ros2_hla_ws/install/ROS2HLA_Bridge/lib/python3.12/site-packages/ROS2HLA_Bridge/pose_listener.py to pose_listener.cpython-312.pyc
[2.493s] running install_data
[2.493s] copying examples/turtlesim/launch/server_turtlesim.launch.py -> /home/vicen/ISDEFE/ros2_hla_ws/install/ROS2HLA_Bridge/share/ROS2HLA_Bridge/launch
[2.493s] running install_egg_info
[2.542s] removing '/home/vicen/ISDEFE/ros2_hla_ws/install/ROS2HLA_Bridge/lib/python3.12/site-packages/ROS2HLA_Bridge-0.0.0-py3.12.egg-info' (and everything under it)
[2.542s] Copying ../../build/ROS2HLA_Bridge/ROS2HLA_Bridge.egg-info to /home/vicen/ISDEFE/ros2_hla_ws/install/ROS2HLA_Bridge/lib/python3.12/site-packages/ROS2HLA_Bridge-0.0.0-py3.12.egg-info
[2.543s] running install_scripts
[2.838s] Installing bridge_node script to /home/vicen/ISDEFE/ros2_hla_ws/install/ROS2HLA_Bridge/lib/ROS2HLA_Bridge
[2.839s] Installing pose_listener script to /home/vicen/ISDEFE/ros2_hla_ws/install/ROS2HLA_Bridge/lib/ROS2HLA_Bridge
[2.839s] writing list of installed files to '/home/vicen/ISDEFE/ros2_hla_ws/build/ROS2HLA_Bridge/install.log'
[2.882s] Invoked command in '/home/vicen/ISDEFE/ros2_hla_ws/src/ROS2HLA_Bridge' returned '0': DEBUGINFOD_URLS=https://debuginfod.ubuntu.com PYTHONPATH=/home/vicen/ISDEFE/ros2_hla_ws/build/ROS2HLA_Bridge/prefix_override:/usr/lib/python3/dist-packages/colcon_core/task/python/colcon_distutils_commands:/home/vicen/ISDEFE/ros2_hla_ws/install/ROS2HLA_Bridge/lib/python3.12/site-packages:${PYTHONPATH} /usr/bin/python3 -W ignore:setup.py install is deprecated -W ignore:easy_install command is deprecated setup.py egg_info --egg-base ../../build/ROS2HLA_Bridge build --build-base /home/vicen/ISDEFE/ros2_hla_ws/build/ROS2HLA_Bridge/build install --record /home/vicen/ISDEFE/ros2_hla_ws/build/ROS2HLA_Bridge/install.log --single-version-externally-managed install_data
