[1.670s] Invoking command in '/home/vicen/ISDEFE/ros2_hla_ws/src/ROS2HLA_Bridge': DEBUGINFOD_URLS=https://debuginfod.ubuntu.com PYTHONPATH=/home/vicen/ISDEFE/ros2_hla_ws/build/ROS2HLA_Bridge/prefix_override:/usr/lib/python3/dist-packages/colcon_core/task/python/colcon_distutils_commands:/home/vicen/ISDEFE/ros2_hla_ws/install/ROS2HLA_Bridge/lib/python3.12/site-packages:${PYTHONPATH} /usr/bin/python3 -W ignore:setup.py install is deprecated -W ignore:easy_install command is deprecated setup.py egg_info --egg-base ../../build/ROS2HLA_Bridge build --build-base /home/vicen/ISDEFE/ros2_hla_ws/build/ROS2HLA_Bridge/build install --record /home/vicen/ISDEFE/ros2_hla_ws/build/ROS2HLA_Bridge/install.log --single-version-externally-managed install_data
[2.216s] running egg_info
[2.258s] writing ../../build/ROS2HLA_Bridge/ROS2HLA_Bridge.egg-info/PKG-INFO
[2.259s] writing dependency_links to ../../build/ROS2HLA_Bridge/ROS2HLA_Bridge.egg-info/dependency_links.txt
[2.259s] writing entry points to ../../build/ROS2HLA_Bridge/ROS2HLA_Bridge.egg-info/entry_points.txt
[2.259s] writing requirements to ../../build/ROS2HLA_Bridge/ROS2HLA_Bridge.egg-info/requires.txt
[2.259s] writing top-level names to ../../build/ROS2HLA_Bridge/ROS2HLA_Bridge.egg-info/top_level.txt
[2.342s] reading manifest file '../../build/ROS2HLA_Bridge/ROS2HLA_Bridge.egg-info/SOURCES.txt'
[2.343s] writing manifest file '../../build/ROS2HLA_Bridge/ROS2HLA_Bridge.egg-info/SOURCES.txt'
[2.343s] running build
[2.344s] running build_py
[2.344s] running install
[2.354s] running install_lib
[2.394s] running install_data
[2.394s] copying examples/turtlesim/launch/server_turtlesim.launch.py -> /home/vicen/ISDEFE/ros2_hla_ws/install/ROS2HLA_Bridge/share/ROS2HLA_Bridge/launch
[2.395s] copying examples/turtlesim/launch/client_turtlesim.launch.py -> /home/vicen/ISDEFE/ros2_hla_ws/install/ROS2HLA_Bridge/share/ROS2HLA_Bridge/launch
[2.395s] creating /home/vicen/ISDEFE/ros2_hla_ws/install/ROS2HLA_Bridge/share/ROS2HLA_Bridge/examples
[2.395s] creating /home/vicen/ISDEFE/ros2_hla_ws/install/ROS2HLA_Bridge/share/ROS2HLA_Bridge/examples/turtlesim
[2.395s] creating /home/vicen/ISDEFE/ros2_hla_ws/install/ROS2HLA_Bridge/share/ROS2HLA_Bridge/examples/turtlesim/config
[2.395s] copying examples/turtlesim/config/bridge_config.yaml -> /home/vicen/ISDEFE/ros2_hla_ws/install/ROS2HLA_Bridge/share/ROS2HLA_Bridge/examples/turtlesim/config
[2.395s] copying examples/turtlesim/config/client_config.yaml -> /home/vicen/ISDEFE/ros2_hla_ws/install/ROS2HLA_Bridge/share/ROS2HLA_Bridge/examples/turtlesim/config
[2.396s] creating /home/vicen/ISDEFE/ros2_hla_ws/install/ROS2HLA_Bridge/share/ROS2HLA_Bridge/examples/turtlesim/fom
[2.396s] copying examples/turtlesim/fom/robotics.xml -> /home/vicen/ISDEFE/ros2_hla_ws/install/ROS2HLA_Bridge/share/ROS2HLA_Bridge/examples/turtlesim/fom
[2.396s] running install_egg_info
[2.440s] removing '/home/vicen/ISDEFE/ros2_hla_ws/install/ROS2HLA_Bridge/lib/python3.12/site-packages/ROS2HLA_Bridge-0.0.0-py3.12.egg-info' (and everything under it)
[2.440s] Copying ../../build/ROS2HLA_Bridge/ROS2HLA_Bridge.egg-info to /home/vicen/ISDEFE/ros2_hla_ws/install/ROS2HLA_Bridge/lib/python3.12/site-packages/ROS2HLA_Bridge-0.0.0-py3.12.egg-info
[2.441s] running install_scripts
[2.699s] Installing bridge_node script to /home/vicen/ISDEFE/ros2_hla_ws/install/ROS2HLA_Bridge/lib/ROS2HLA_Bridge
[2.699s] writing list of installed files to '/home/vicen/ISDEFE/ros2_hla_ws/build/ROS2HLA_Bridge/install.log'
[2.743s] Invoked command in '/home/vicen/ISDEFE/ros2_hla_ws/src/ROS2HLA_Bridge' returned '0': DEBUGINFOD_URLS=https://debuginfod.ubuntu.com PYTHONPATH=/home/vicen/ISDEFE/ros2_hla_ws/build/ROS2HLA_Bridge/prefix_override:/usr/lib/python3/dist-packages/colcon_core/task/python/colcon_distutils_commands:/home/vicen/ISDEFE/ros2_hla_ws/install/ROS2HLA_Bridge/lib/python3.12/site-packages:${PYTHONPATH} /usr/bin/python3 -W ignore:setup.py install is deprecated -W ignore:easy_install command is deprecated setup.py egg_info --egg-base ../../build/ROS2HLA_Bridge build --build-base /home/vicen/ISDEFE/ros2_hla_ws/build/ROS2HLA_Bridge/build install --record /home/vicen/ISDEFE/ros2_hla_ws/build/ROS2HLA_Bridge/install.log --single-version-externally-managed install_data
