/home/vicen/ISDEFE/GZ_HLA_ws/install/bridge_hla2ros2/lib/python3.12/site-packages/bridge_hla2ros2/fom_generator.py
/home/vicen/ISDEFE/GZ_HLA_ws/install/bridge_hla2ros2/lib/python3.12/site-packages/bridge_hla2ros2/universal_bridge.py
/home/vicen/ISDEFE/GZ_HLA_ws/install/bridge_hla2ros2/lib/python3.12/site-packages/bridge_hla2ros2/__init__.py
/home/vicen/ISDEFE/GZ_HLA_ws/install/bridge_hla2ros2/lib/python3.12/site-packages/bridge_hla2ros2/bridge_ambassador.py
/home/vicen/ISDEFE/GZ_HLA_ws/install/bridge_hla2ros2/lib/python3.12/site-packages/bridge_hla2ros2/undock_adapter.py
/home/vicen/ISDEFE/GZ_HLA_ws/install/bridge_hla2ros2/lib/python3.12/site-packages/bridge_hla2ros2/__pycache__/fom_generator.cpython-312.pyc
/home/vicen/ISDEFE/GZ_HLA_ws/install/bridge_hla2ros2/lib/python3.12/site-packages/bridge_hla2ros2/__pycache__/universal_bridge.cpython-312.pyc
/home/vicen/ISDEFE/GZ_HLA_ws/install/bridge_hla2ros2/lib/python3.12/site-packages/bridge_hla2ros2/__pycache__/__init__.cpython-312.pyc
/home/vicen/ISDEFE/GZ_HLA_ws/install/bridge_hla2ros2/lib/python3.12/site-packages/bridge_hla2ros2/__pycache__/bridge_ambassador.cpython-312.pyc
/home/vicen/ISDEFE/GZ_HLA_ws/install/bridge_hla2ros2/lib/python3.12/site-packages/bridge_hla2ros2/__pycache__/undock_adapter.cpython-312.pyc
/home/vicen/ISDEFE/GZ_HLA_ws/install/bridge_hla2ros2/share/ament_index/resource_index/packages/bridge_hla2ros2
/home/vicen/ISDEFE/GZ_HLA_ws/install/bridge_hla2ros2/share/bridge_hla2ros2/package.xml
/home/vicen/ISDEFE/GZ_HLA_ws/install/bridge_hla2ros2/share/bridge_hla2ros2/config/bridge_config.yaml
/home/vicen/ISDEFE/GZ_HLA_ws/install/bridge_hla2ros2/share/bridge_hla2ros2/config/turtlebot4_config.yaml
/home/vicen/ISDEFE/GZ_HLA_ws/install/bridge_hla2ros2/share/bridge_hla2ros2/generated/universal_fom.xml
/home/vicen/ISDEFE/GZ_HLA_ws/install/bridge_hla2ros2/lib/python3.12/site-packages/bridge_hla2ros2-0.0.0-py3.12.egg-info/SOURCES.txt
/home/vicen/ISDEFE/GZ_HLA_ws/install/bridge_hla2ros2/lib/python3.12/site-packages/bridge_hla2ros2-0.0.0-py3.12.egg-info/zip-safe
/home/vicen/ISDEFE/GZ_HLA_ws/install/bridge_hla2ros2/lib/python3.12/site-packages/bridge_hla2ros2-0.0.0-py3.12.egg-info/entry_points.txt
/home/vicen/ISDEFE/GZ_HLA_ws/install/bridge_hla2ros2/lib/python3.12/site-packages/bridge_hla2ros2-0.0.0-py3.12.egg-info/dependency_links.txt
/home/vicen/ISDEFE/GZ_HLA_ws/install/bridge_hla2ros2/lib/python3.12/site-packages/bridge_hla2ros2-0.0.0-py3.12.egg-info/PKG-INFO
/home/vicen/ISDEFE/GZ_HLA_ws/install/bridge_hla2ros2/lib/python3.12/site-packages/bridge_hla2ros2-0.0.0-py3.12.egg-info/requires.txt
/home/vicen/ISDEFE/GZ_HLA_ws/install/bridge_hla2ros2/lib/python3.12/site-packages/bridge_hla2ros2-0.0.0-py3.12.egg-info/top_level.txt
/home/vicen/ISDEFE/GZ_HLA_ws/install/bridge_hla2ros2/lib/bridge_hla2ros2/universal_bridge
