running egg_info
creating ../../build/ROS2HLA_Bridge/ROS2HLA_Bridge.egg-info
writing ../../build/ROS2HLA_Bridge/ROS2HLA_Bridge.egg-info/PKG-INFO
writing dependency_links to ../../build/ROS2HLA_Bridge/ROS2HLA_Bridge.egg-info/dependency_links.txt
writing entry points to ../../build/ROS2HLA_Bridge/ROS2HLA_Bridge.egg-info/entry_points.txt
writing requirements to ../../build/ROS2HLA_Bridge/ROS2HLA_Bridge.egg-info/requires.txt
writing top-level names to ../../build/ROS2HLA_Bridge/ROS2HLA_Bridge.egg-info/top_level.txt
writing manifest file '../../build/ROS2HLA_Bridge/ROS2HLA_Bridge.egg-info/SOURCES.txt'
reading manifest file '../../build/ROS2HLA_Bridge/ROS2HLA_Bridge.egg-info/SOURCES.txt'
writing manifest file '../../build/ROS2HLA_Bridge/ROS2HLA_Bridge.egg-info/SOURCES.txt'
running build
running build_py
creating /home/vicen/ISDEFE/ros2_hla_ws/build/ROS2HLA_Bridge/build
creating /home/vicen/ISDEFE/ros2_hla_ws/build/ROS2HLA_Bridge/build/lib
creating /home/vicen/ISDEFE/ros2_hla_ws/build/ROS2HLA_Bridge/build/lib/ROS2HLA_Bridge
copying ROS2HLA_Bridge/hla_manager.py -> /home/vicen/ISDEFE/ros2_hla_ws/build/ROS2HLA_Bridge/build/lib/ROS2HLA_Bridge
copying ROS2HLA_Bridge/bridge_node.py -> /home/vicen/ISDEFE/ros2_hla_ws/build/ROS2HLA_Bridge/build/lib/ROS2HLA_Bridge
copying ROS2HLA_Bridge/__init__.py -> /home/vicen/ISDEFE/ros2_hla_ws/build/ROS2HLA_Bridge/build/lib/ROS2HLA_Bridge
running install
running install_lib
creating /home/vicen/ISDEFE/ros2_hla_ws/install/ROS2HLA_Bridge/lib/python3.12/site-packages/ROS2HLA_Bridge
copying /home/vicen/ISDEFE/ros2_hla_ws/build/ROS2HLA_Bridge/build/lib/ROS2HLA_Bridge/hla_manager.py -> /home/vicen/ISDEFE/ros2_hla_ws/install/ROS2HLA_Bridge/lib/python3.12/site-packages/ROS2HLA_Bridge
copying /home/vicen/ISDEFE/ros2_hla_ws/build/ROS2HLA_Bridge/build/lib/ROS2HLA_Bridge/bridge_node.py -> /home/vicen/ISDEFE/ros2_hla_ws/install/ROS2HLA_Bridge/lib/python3.12/site-packages/ROS2HLA_Bridge
copying /home/vicen/ISDEFE/ros2_hla_ws/build/ROS2HLA_Bridge/build/lib/ROS2HLA_Bridge/__init__.py -> /home/vicen/ISDEFE/ros2_hla_ws/install/ROS2HLA_Bridge/lib/python3.12/site-packages/ROS2HLA_Bridge
byte-compiling /home/vicen/ISDEFE/ros2_hla_ws/install/ROS2HLA_Bridge/lib/python3.12/site-packages/ROS2HLA_Bridge/hla_manager.py to hla_manager.cpython-312.pyc
byte-compiling /home/vicen/ISDEFE/ros2_hla_ws/install/ROS2HLA_Bridge/lib/python3.12/site-packages/ROS2HLA_Bridge/bridge_node.py to bridge_node.cpython-312.pyc
byte-compiling /home/vicen/ISDEFE/ros2_hla_ws/install/ROS2HLA_Bridge/lib/python3.12/site-packages/ROS2HLA_Bridge/__init__.py to __init__.cpython-312.pyc
running install_data
creating /home/vicen/ISDEFE/ros2_hla_ws/install/ROS2HLA_Bridge/share/ament_index
creating /home/vicen/ISDEFE/ros2_hla_ws/install/ROS2HLA_Bridge/share/ament_index/resource_index
creating /home/vicen/ISDEFE/ros2_hla_ws/install/ROS2HLA_Bridge/share/ament_index/resource_index/packages
copying resource/ROS2HLA_Bridge -> /home/vicen/ISDEFE/ros2_hla_ws/install/ROS2HLA_Bridge/share/ament_index/resource_index/packages
copying package.xml -> /home/vicen/ISDEFE/ros2_hla_ws/install/ROS2HLA_Bridge/share/ROS2HLA_Bridge
creating /home/vicen/ISDEFE/ros2_hla_ws/install/ROS2HLA_Bridge/share/ROS2HLA_Bridge/launch
copying launch/bridge.launch.py -> /home/vicen/ISDEFE/ros2_hla_ws/install/ROS2HLA_Bridge/share/ROS2HLA_Bridge/launch
copying launch/client.launch.py -> /home/vicen/ISDEFE/ros2_hla_ws/install/ROS2HLA_Bridge/share/ROS2HLA_Bridge/launch
creating /home/vicen/ISDEFE/ros2_hla_ws/install/ROS2HLA_Bridge/share/ROS2HLA_Bridge/config
copying config/bridge_config.yaml -> /home/vicen/ISDEFE/ros2_hla_ws/install/ROS2HLA_Bridge/share/ROS2HLA_Bridge/config
copying config/client_config.yaml -> /home/vicen/ISDEFE/ros2_hla_ws/install/ROS2HLA_Bridge/share/ROS2HLA_Bridge/config
creating /home/vicen/ISDEFE/ros2_hla_ws/install/ROS2HLA_Bridge/share/ROS2HLA_Bridge/fom
copying fom/robotics.xml -> /home/vicen/ISDEFE/ros2_hla_ws/install/ROS2HLA_Bridge/share/ROS2HLA_Bridge/fom
running install_egg_info
Copying ../../build/ROS2HLA_Bridge/ROS2HLA_Bridge.egg-info to /home/vicen/ISDEFE/ros2_hla_ws/install/ROS2HLA_Bridge/lib/python3.12/site-packages/ROS2HLA_Bridge-0.0.0-py3.12.egg-info
running install_scripts
Installing bridge_node script to /home/vicen/ISDEFE/ros2_hla_ws/install/ROS2HLA_Bridge/lib/ROS2HLA_Bridge
writing list of installed files to '/home/vicen/ISDEFE/ros2_hla_ws/build/ROS2HLA_Bridge/install.log'
