[1.813s] Invoking command in '/home/vicen/ISDEFE/ros2_hla_ws/src/ROS2HLA_Bridge': DEBUGINFOD_URLS=https://debuginfod.ubuntu.com PYTHONPATH=/home/vicen/ISDEFE/ros2_hla_ws/build/ROS2HLA_Bridge/prefix_override:/usr/lib/python3/dist-packages/colcon_core/task/python/colcon_distutils_commands:/home/vicen/ISDEFE/ros2_hla_ws/install/ROS2HLA_Bridge/lib/python3.12/site-packages:${PYTHONPATH} /usr/bin/python3 -W ignore:setup.py install is deprecated -W ignore:easy_install command is deprecated setup.py egg_info --egg-base ../../build/ROS2HLA_Bridge build --build-base /home/vicen/ISDEFE/ros2_hla_ws/build/ROS2HLA_Bridge/build install --record /home/vicen/ISDEFE/ros2_hla_ws/build/ROS2HLA_Bridge/install.log --single-version-externally-managed install_data
[2.311s] running egg_info
[2.312s] creating ../../build/ROS2HLA_Bridge/ROS2HLA_Bridge.egg-info
[2.358s] writing ../../build/ROS2HLA_Bridge/ROS2HLA_Bridge.egg-info/PKG-INFO
[2.359s] writing dependency_links to ../../build/ROS2HLA_Bridge/ROS2HLA_Bridge.egg-info/dependency_links.txt
[2.359s] writing entry points to ../../build/ROS2HLA_Bridge/ROS2HLA_Bridge.egg-info/entry_points.txt
[2.359s] writing requirements to ../../build/ROS2HLA_Bridge/ROS2HLA_Bridge.egg-info/requires.txt
[2.359s] writing top-level names to ../../build/ROS2HLA_Bridge/ROS2HLA_Bridge.egg-info/top_level.txt
[2.359s] writing manifest file '../../build/ROS2HLA_Bridge/ROS2HLA_Bridge.egg-info/SOURCES.txt'
[2.450s] reading manifest file '../../build/ROS2HLA_Bridge/ROS2HLA_Bridge.egg-info/SOURCES.txt'
[2.451s] writing manifest file '../../build/ROS2HLA_Bridge/ROS2HLA_Bridge.egg-info/SOURCES.txt'
[2.451s] running build
[2.451s] running build_py
[2.452s] creating /home/vicen/ISDEFE/ros2_hla_ws/build/ROS2HLA_Bridge/build
[2.452s] creating /home/vicen/ISDEFE/ros2_hla_ws/build/ROS2HLA_Bridge/build/lib
[2.452s] creating /home/vicen/ISDEFE/ros2_hla_ws/build/ROS2HLA_Bridge/build/lib/ROS2HLA_Bridge
[2.452s] copying ROS2HLA_Bridge/hla_manager.py -> /home/vicen/ISDEFE/ros2_hla_ws/build/ROS2HLA_Bridge/build/lib/ROS2HLA_Bridge
[2.453s] copying ROS2HLA_Bridge/bridge_node.py -> /home/vicen/ISDEFE/ros2_hla_ws/build/ROS2HLA_Bridge/build/lib/ROS2HLA_Bridge
[2.453s] copying ROS2HLA_Bridge/__init__.py -> /home/vicen/ISDEFE/ros2_hla_ws/build/ROS2HLA_Bridge/build/lib/ROS2HLA_Bridge
[2.453s] running install
[2.464s] running install_lib
[2.510s] creating /home/vicen/ISDEFE/ros2_hla_ws/install/ROS2HLA_Bridge/lib/python3.12/site-packages/ROS2HLA_Bridge
[2.510s] copying /home/vicen/ISDEFE/ros2_hla_ws/build/ROS2HLA_Bridge/build/lib/ROS2HLA_Bridge/hla_manager.py -> /home/vicen/ISDEFE/ros2_hla_ws/install/ROS2HLA_Bridge/lib/python3.12/site-packages/ROS2HLA_Bridge
[2.510s] copying /home/vicen/ISDEFE/ros2_hla_ws/build/ROS2HLA_Bridge/build/lib/ROS2HLA_Bridge/bridge_node.py -> /home/vicen/ISDEFE/ros2_hla_ws/install/ROS2HLA_Bridge/lib/python3.12/site-packages/ROS2HLA_Bridge
[2.510s] copying /home/vicen/ISDEFE/ros2_hla_ws/build/ROS2HLA_Bridge/build/lib/ROS2HLA_Bridge/__init__.py -> /home/vicen/ISDEFE/ros2_hla_ws/install/ROS2HLA_Bridge/lib/python3.12/site-packages/ROS2HLA_Bridge
[2.511s] byte-compiling /home/vicen/ISDEFE/ros2_hla_ws/install/ROS2HLA_Bridge/lib/python3.12/site-packages/ROS2HLA_Bridge/hla_manager.py to hla_manager.cpython-312.pyc
[2.516s] byte-compiling /home/vicen/ISDEFE/ros2_hla_ws/install/ROS2HLA_Bridge/lib/python3.12/site-packages/ROS2HLA_Bridge/bridge_node.py to bridge_node.cpython-312.pyc
[2.520s] byte-compiling /home/vicen/ISDEFE/ros2_hla_ws/install/ROS2HLA_Bridge/lib/python3.12/site-packages/ROS2HLA_Bridge/__init__.py to __init__.cpython-312.pyc
[2.520s] running install_data
[2.520s] creating /home/vicen/ISDEFE/ros2_hla_ws/install/ROS2HLA_Bridge/share/ament_index
[2.521s] creating /home/vicen/ISDEFE/ros2_hla_ws/install/ROS2HLA_Bridge/share/ament_index/resource_index
[2.521s] creating /home/vicen/ISDEFE/ros2_hla_ws/install/ROS2HLA_Bridge/share/ament_index/resource_index/packages
[2.521s] copying resource/ROS2HLA_Bridge -> /home/vicen/ISDEFE/ros2_hla_ws/install/ROS2HLA_Bridge/share/ament_index/resource_index/packages
[2.522s] copying package.xml -> /home/vicen/ISDEFE/ros2_hla_ws/install/ROS2HLA_Bridge/share/ROS2HLA_Bridge
[2.522s] creating /home/vicen/ISDEFE/ros2_hla_ws/install/ROS2HLA_Bridge/share/ROS2HLA_Bridge/launch
[2.522s] copying launch/bridge.launch.py -> /home/vicen/ISDEFE/ros2_hla_ws/install/ROS2HLA_Bridge/share/ROS2HLA_Bridge/launch
[2.522s] copying launch/client.launch.py -> /home/vicen/ISDEFE/ros2_hla_ws/install/ROS2HLA_Bridge/share/ROS2HLA_Bridge/launch
[2.522s] creating /home/vicen/ISDEFE/ros2_hla_ws/install/ROS2HLA_Bridge/share/ROS2HLA_Bridge/config
[2.523s] copying config/bridge_config.yaml -> /home/vicen/ISDEFE/ros2_hla_ws/install/ROS2HLA_Bridge/share/ROS2HLA_Bridge/config
[2.523s] copying config/client_config.yaml -> /home/vicen/ISDEFE/ros2_hla_ws/install/ROS2HLA_Bridge/share/ROS2HLA_Bridge/config
[2.523s] creating /home/vicen/ISDEFE/ros2_hla_ws/install/ROS2HLA_Bridge/share/ROS2HLA_Bridge/fom
[2.523s] copying fom/robotics.xml -> /home/vicen/ISDEFE/ros2_hla_ws/install/ROS2HLA_Bridge/share/ROS2HLA_Bridge/fom
[2.523s] running install_egg_info
[2.567s] Copying ../../build/ROS2HLA_Bridge/ROS2HLA_Bridge.egg-info to /home/vicen/ISDEFE/ros2_hla_ws/install/ROS2HLA_Bridge/lib/python3.12/site-packages/ROS2HLA_Bridge-0.0.0-py3.12.egg-info
[2.568s] running install_scripts
[2.806s] Installing bridge_node script to /home/vicen/ISDEFE/ros2_hla_ws/install/ROS2HLA_Bridge/lib/ROS2HLA_Bridge
[2.806s] writing list of installed files to '/home/vicen/ISDEFE/ros2_hla_ws/build/ROS2HLA_Bridge/install.log'
[2.844s] Invoked command in '/home/vicen/ISDEFE/ros2_hla_ws/src/ROS2HLA_Bridge' returned '0': DEBUGINFOD_URLS=https://debuginfod.ubuntu.com PYTHONPATH=/home/vicen/ISDEFE/ros2_hla_ws/build/ROS2HLA_Bridge/prefix_override:/usr/lib/python3/dist-packages/colcon_core/task/python/colcon_distutils_commands:/home/vicen/ISDEFE/ros2_hla_ws/install/ROS2HLA_Bridge/lib/python3.12/site-packages:${PYTHONPATH} /usr/bin/python3 -W ignore:setup.py install is deprecated -W ignore:easy_install command is deprecated setup.py egg_info --egg-base ../../build/ROS2HLA_Bridge build --build-base /home/vicen/ISDEFE/ros2_hla_ws/build/ROS2HLA_Bridge/build install --record /home/vicen/ISDEFE/ros2_hla_ws/build/ROS2HLA_Bridge/install.log --single-version-externally-managed install_data
