[0.008s] Invoking command in '/home/vicen/ISDEFE/GZ_HLA_ws/build/Prototipo_GZ_HLA': CMAKE_PREFIX_PATH=${CMAKE_PREFIX_PATH}:/opt/ros/jazzy DEBUGINFOD_URLS=https://debuginfod.ubuntu.com /usr/bin/cmake /home/vicen/ISDEFE/GZ_HLA_ws/src/Prototipo_GZ_HLA -DCMAKE_INSTALL_PREFIX=/home/vicen/ISDEFE/GZ_HLA_ws/install/Prototipo_GZ_HLA
[0.067s] -- The C compiler identification is GNU 13.3.0
[0.120s] -- The CXX compiler identification is GNU 13.3.0
[0.138s] -- Detecting C compiler ABI info
[0.223s] -- Detecting C compiler ABI info - done
[0.230s] -- Check for working C compiler: /usr/bin/cc - skipped
[0.230s] -- Detecting C compile features
[0.231s] -- Detecting C compile features - done
[0.239s] -- Detecting CXX compiler ABI info
[0.340s] -- Detecting CXX compiler ABI info - done
[0.348s] -- Check for working CXX compiler: /usr/bin/c++ - skipped
[0.348s] -- Detecting CXX compile features
[0.348s] -- Detecting CXX compile features - done
[0.351s] -- Found ament_cmake: 2.5.4 (/opt/ros/jazzy/share/ament_cmake/cmake)
[0.492s] -- Found Python3: /usr/bin/python3 (found version "3.12.3") found components: Interpreter 
[0.646s] WARNING: Package name "Prototipo_GZ_HLA" does not follow the naming conventions. It should start with a lower case letter and only contain lower case letters, digits, underscores, and dashes.
[0.658s] -- Configuring done (0.6s)
[0.660s] -- Generating done (0.0s)
[0.661s] -- Build files have been written to: /home/vicen/ISDEFE/GZ_HLA_ws/build/Prototipo_GZ_HLA
[0.665s] Invoked command in '/home/vicen/ISDEFE/GZ_HLA_ws/build/Prototipo_GZ_HLA' returned '0': CMAKE_PREFIX_PATH=${CMAKE_PREFIX_PATH}:/opt/ros/jazzy DEBUGINFOD_URLS=https://debuginfod.ubuntu.com /usr/bin/cmake /home/vicen/ISDEFE/GZ_HLA_ws/src/Prototipo_GZ_HLA -DCMAKE_INSTALL_PREFIX=/home/vicen/ISDEFE/GZ_HLA_ws/install/Prototipo_GZ_HLA
[0.666s] Invoking command in '/home/vicen/ISDEFE/GZ_HLA_ws/build/Prototipo_GZ_HLA': CMAKE_PREFIX_PATH=${CMAKE_PREFIX_PATH}:/opt/ros/jazzy DEBUGINFOD_URLS=https://debuginfod.ubuntu.com /usr/bin/cmake --build /home/vicen/ISDEFE/GZ_HLA_ws/build/Prototipo_GZ_HLA -- -j20 -l20
[0.702s] Invoked command in '/home/vicen/ISDEFE/GZ_HLA_ws/build/Prototipo_GZ_HLA' returned '0': CMAKE_PREFIX_PATH=${CMAKE_PREFIX_PATH}:/opt/ros/jazzy DEBUGINFOD_URLS=https://debuginfod.ubuntu.com /usr/bin/cmake --build /home/vicen/ISDEFE/GZ_HLA_ws/build/Prototipo_GZ_HLA -- -j20 -l20
[0.711s] Invoking command in '/home/vicen/ISDEFE/GZ_HLA_ws/build/Prototipo_GZ_HLA': CMAKE_PREFIX_PATH=${CMAKE_PREFIX_PATH}:/opt/ros/jazzy DEBUGINFOD_URLS=https://debuginfod.ubuntu.com /usr/bin/cmake --install /home/vicen/ISDEFE/GZ_HLA_ws/build/Prototipo_GZ_HLA
[0.718s] -- Install configuration: ""
[0.718s] -- Installing: /home/vicen/ISDEFE/GZ_HLA_ws/install/Prototipo_GZ_HLA/share/Prototipo_GZ_HLA/launch
[0.718s] -- Installing: /home/vicen/ISDEFE/GZ_HLA_ws/install/Prototipo_GZ_HLA/share/Prototipo_GZ_HLA/launch/server.launch.py
[0.719s] -- Installing: /home/vicen/ISDEFE/GZ_HLA_ws/install/Prototipo_GZ_HLA/share/Prototipo_GZ_HLA/launch/client.launch.py
[0.719s] -- Installing: /home/vicen/ISDEFE/GZ_HLA_ws/install/Prototipo_GZ_HLA/share/Prototipo_GZ_HLA/config
[0.719s] -- Installing: /home/vicen/ISDEFE/GZ_HLA_ws/install/Prototipo_GZ_HLA/share/Prototipo_GZ_HLA/config/server_config.yaml
[0.719s] -- Installing: /home/vicen/ISDEFE/GZ_HLA_ws/install/Prototipo_GZ_HLA/share/Prototipo_GZ_HLA/config/client.rviz
[0.719s] -- Installing: /home/vicen/ISDEFE/GZ_HLA_ws/install/Prototipo_GZ_HLA/share/Prototipo_GZ_HLA/config/client_config.yaml
[0.719s] -- Installing: /home/vicen/ISDEFE/GZ_HLA_ws/install/Prototipo_GZ_HLA/share/Prototipo_GZ_HLA/scripts
[0.719s] -- Installing: /home/vicen/ISDEFE/GZ_HLA_ws/install/Prototipo_GZ_HLA/share/Prototipo_GZ_HLA/scripts/spawn_robot.py
[0.719s] -- Installing: /home/vicen/ISDEFE/GZ_HLA_ws/install/Prototipo_GZ_HLA/share/Prototipo_GZ_HLA/worlds
[0.720s] -- Installing: /home/vicen/ISDEFE/GZ_HLA_ws/install/Prototipo_GZ_HLA/share/ament_index/resource_index/package_run_dependencies/Prototipo_GZ_HLA
[0.720s] -- Installing: /home/vicen/ISDEFE/GZ_HLA_ws/install/Prototipo_GZ_HLA/share/ament_index/resource_index/parent_prefix_path/Prototipo_GZ_HLA
[0.720s] -- Installing: /home/vicen/ISDEFE/GZ_HLA_ws/install/Prototipo_GZ_HLA/share/Prototipo_GZ_HLA/environment/ament_prefix_path.sh
[0.720s] -- Installing: /home/vicen/ISDEFE/GZ_HLA_ws/install/Prototipo_GZ_HLA/share/Prototipo_GZ_HLA/environment/ament_prefix_path.dsv
[0.720s] -- Installing: /home/vicen/ISDEFE/GZ_HLA_ws/install/Prototipo_GZ_HLA/share/Prototipo_GZ_HLA/environment/path.sh
[0.720s] -- Installing: /home/vicen/ISDEFE/GZ_HLA_ws/install/Prototipo_GZ_HLA/share/Prototipo_GZ_HLA/environment/path.dsv
[0.720s] -- Installing: /home/vicen/ISDEFE/GZ_HLA_ws/install/Prototipo_GZ_HLA/share/Prototipo_GZ_HLA/local_setup.bash
[0.721s] -- Installing: /home/vicen/ISDEFE/GZ_HLA_ws/install/Prototipo_GZ_HLA/share/Prototipo_GZ_HLA/local_setup.sh
[0.721s] -- Installing: /home/vicen/ISDEFE/GZ_HLA_ws/install/Prototipo_GZ_HLA/share/Prototipo_GZ_HLA/local_setup.zsh
[0.721s] -- Installing: /home/vicen/ISDEFE/GZ_HLA_ws/install/Prototipo_GZ_HLA/share/Prototipo_GZ_HLA/local_setup.dsv
[0.721s] -- Installing: /home/vicen/ISDEFE/GZ_HLA_ws/install/Prototipo_GZ_HLA/share/Prototipo_GZ_HLA/package.dsv
[0.721s] -- Installing: /home/vicen/ISDEFE/GZ_HLA_ws/install/Prototipo_GZ_HLA/share/ament_index/resource_index/packages/Prototipo_GZ_HLA
[0.721s] -- Installing: /home/vicen/ISDEFE/GZ_HLA_ws/install/Prototipo_GZ_HLA/share/Prototipo_GZ_HLA/cmake/Prototipo_GZ_HLAConfig.cmake
[0.721s] -- Installing: /home/vicen/ISDEFE/GZ_HLA_ws/install/Prototipo_GZ_HLA/share/Prototipo_GZ_HLA/cmake/Prototipo_GZ_HLAConfig-version.cmake
[0.721s] -- Installing: /home/vicen/ISDEFE/GZ_HLA_ws/install/Prototipo_GZ_HLA/share/Prototipo_GZ_HLA/package.xml
[0.721s] Invoked command in '/home/vicen/ISDEFE/GZ_HLA_ws/build/Prototipo_GZ_HLA' returned '0': CMAKE_PREFIX_PATH=${CMAKE_PREFIX_PATH}:/opt/ros/jazzy DEBUGINFOD_URLS=https://debuginfod.ubuntu.com /usr/bin/cmake --install /home/vicen/ISDEFE/GZ_HLA_ws/build/Prototipo_GZ_HLA
