running develop
running egg_info
writing ROS2HLA_Bridge.egg-info/PKG-INFO
writing dependency_links to ROS2HLA_Bridge.egg-info/dependency_links.txt
writing entry points to ROS2HLA_Bridge.egg-info/entry_points.txt
writing requirements to ROS2HLA_Bridge.egg-info/requires.txt
writing top-level names to ROS2HLA_Bridge.egg-info/top_level.txt
reading manifest file 'ROS2HLA_Bridge.egg-info/SOURCES.txt'
writing manifest file 'ROS2HLA_Bridge.egg-info/SOURCES.txt'
running build_ext
Creating /home/vicen/ISDEFE/ros2_hla_ws/install/ROS2HLA_Bridge/lib/python3.12/site-packages/ROS2HLA-Bridge.egg-link (link to .)
Installing bridge_node script to /home/vicen/ISDEFE/ros2_hla_ws/install/ROS2HLA_Bridge/lib/ROS2HLA_Bridge

Installed /home/vicen/ISDEFE/ros2_hla_ws/build/ROS2HLA_Bridge
running symlink_data
symbolically linking /home/vicen/ISDEFE/ros2_hla_ws/build/ROS2HLA_Bridge/resource/ROS2HLA_Bridge -> /home/vicen/ISDEFE/ros2_hla_ws/install/ROS2HLA_Bridge/share/ament_index/resource_index/packages
symbolically linking /home/vicen/ISDEFE/ros2_hla_ws/build/ROS2HLA_Bridge/package.xml -> /home/vicen/ISDEFE/ros2_hla_ws/install/ROS2HLA_Bridge/share/ROS2HLA_Bridge
symbolically linking /home/vicen/ISDEFE/ros2_hla_ws/build/ROS2HLA_Bridge/examples/turtlesim/launch/server_turtlesim.launch.py -> /home/vicen/ISDEFE/ros2_hla_ws/install/ROS2HLA_Bridge/share/ROS2HLA_Bridge/launch
symbolically linking /home/vicen/ISDEFE/ros2_hla_ws/build/ROS2HLA_Bridge/examples/turtlesim/launch/client_turtlesim.launch.py -> /home/vicen/ISDEFE/ros2_hla_ws/install/ROS2HLA_Bridge/share/ROS2HLA_Bridge/launch
symbolically linking /home/vicen/ISDEFE/ros2_hla_ws/build/ROS2HLA_Bridge/examples/turtlesim/config/bridge_config.yaml -> /home/vicen/ISDEFE/ros2_hla_ws/install/ROS2HLA_Bridge/share/ROS2HLA_Bridge/examples/turtlesim/config
symbolically linking /home/vicen/ISDEFE/ros2_hla_ws/build/ROS2HLA_Bridge/examples/turtlesim/config/client_config.yaml -> /home/vicen/ISDEFE/ros2_hla_ws/install/ROS2HLA_Bridge/share/ROS2HLA_Bridge/examples/turtlesim/config
symbolically linking /home/vicen/ISDEFE/ros2_hla_ws/build/ROS2HLA_Bridge/examples/turtlesim/fom/robotics.xml -> /home/vicen/ISDEFE/ros2_hla_ws/install/ROS2HLA_Bridge/share/ROS2HLA_Bridge/examples/turtlesim/fom
symbolically linking /home/vicen/ISDEFE/ros2_hla_ws/build/ROS2HLA_Bridge/examples/turtlesim/pose_listener.py -> /home/vicen/ISDEFE/ros2_hla_ws/install/ROS2HLA_Bridge/lib/ROS2HLA_Bridge
