[1.845s] Invoking command in '/home/vicen/ISDEFE/ros2_hla_ws/build/ROS2HLA_Bridge': DEBUGINFOD_URLS=https://debuginfod.ubuntu.com PYTHONPATH=/home/vicen/ISDEFE/ros2_hla_ws/build/ROS2HLA_Bridge/prefix_override:/usr/lib/python3/dist-packages/colcon_core/task/python/colcon_distutils_commands:/home/vicen/ISDEFE/ros2_hla_ws/install/ROS2HLA_Bridge/lib/python3.12/site-packages:${PYTHONPATH} /usr/bin/python3 -W ignore:setup.py install is deprecated -W ignore:easy_install command is deprecated setup.py develop --editable --build-directory /home/vicen/ISDEFE/ros2_hla_ws/build/ROS2HLA_Bridge/build --no-deps symlink_data --force
[2.603s] running develop
[3.108s] running egg_info
[3.178s] writing ROS2HLA_Bridge.egg-info/PKG-INFO
[3.178s] writing dependency_links to ROS2HLA_Bridge.egg-info/dependency_links.txt
[3.179s] writing entry points to ROS2HLA_Bridge.egg-info/entry_points.txt
[3.179s] writing requirements to ROS2HLA_Bridge.egg-info/requires.txt
[3.179s] writing top-level names to ROS2HLA_Bridge.egg-info/top_level.txt
[3.325s] reading manifest file 'ROS2HLA_Bridge.egg-info/SOURCES.txt'
[3.327s] writing manifest file 'ROS2HLA_Bridge.egg-info/SOURCES.txt'
[3.442s] running build_ext
[3.442s] Creating /home/vicen/ISDEFE/ros2_hla_ws/install/ROS2HLA_Bridge/lib/python3.12/site-packages/ROS2HLA-Bridge.egg-link (link to .)
[3.443s] Installing bridge_node script to /home/vicen/ISDEFE/ros2_hla_ws/install/ROS2HLA_Bridge/lib/ROS2HLA_Bridge
[3.444s] 
[3.444s] Installed /home/vicen/ISDEFE/ros2_hla_ws/build/ROS2HLA_Bridge
[3.445s] running symlink_data
[3.445s] symbolically linking /home/vicen/ISDEFE/ros2_hla_ws/build/ROS2HLA_Bridge/resource/ROS2HLA_Bridge -> /home/vicen/ISDEFE/ros2_hla_ws/install/ROS2HLA_Bridge/share/ament_index/resource_index/packages
[3.445s] symbolically linking /home/vicen/ISDEFE/ros2_hla_ws/build/ROS2HLA_Bridge/package.xml -> /home/vicen/ISDEFE/ros2_hla_ws/install/ROS2HLA_Bridge/share/ROS2HLA_Bridge
[3.445s] symbolically linking /home/vicen/ISDEFE/ros2_hla_ws/build/ROS2HLA_Bridge/examples/turtlesim/launch/server_turtlesim.launch.py -> /home/vicen/ISDEFE/ros2_hla_ws/install/ROS2HLA_Bridge/share/ROS2HLA_Bridge/launch
[3.445s] symbolically linking /home/vicen/ISDEFE/ros2_hla_ws/build/ROS2HLA_Bridge/examples/turtlesim/launch/client_turtlesim.launch.py -> /home/vicen/ISDEFE/ros2_hla_ws/install/ROS2HLA_Bridge/share/ROS2HLA_Bridge/launch
[3.445s] symbolically linking /home/vicen/ISDEFE/ros2_hla_ws/build/ROS2HLA_Bridge/examples/turtlesim/config/bridge_config.yaml -> /home/vicen/ISDEFE/ros2_hla_ws/install/ROS2HLA_Bridge/share/ROS2HLA_Bridge/examples/turtlesim/config
[3.446s] symbolically linking /home/vicen/ISDEFE/ros2_hla_ws/build/ROS2HLA_Bridge/examples/turtlesim/config/client_config.yaml -> /home/vicen/ISDEFE/ros2_hla_ws/install/ROS2HLA_Bridge/share/ROS2HLA_Bridge/examples/turtlesim/config
[3.446s] symbolically linking /home/vicen/ISDEFE/ros2_hla_ws/build/ROS2HLA_Bridge/examples/turtlesim/fom/robotics.xml -> /home/vicen/ISDEFE/ros2_hla_ws/install/ROS2HLA_Bridge/share/ROS2HLA_Bridge/examples/turtlesim/fom
[3.446s] symbolically linking /home/vicen/ISDEFE/ros2_hla_ws/build/ROS2HLA_Bridge/examples/turtlesim/pose_listener.py -> /home/vicen/ISDEFE/ros2_hla_ws/install/ROS2HLA_Bridge/lib/ROS2HLA_Bridge
[3.523s] Invoked command in '/home/vicen/ISDEFE/ros2_hla_ws/build/ROS2HLA_Bridge' returned '0': DEBUGINFOD_URLS=https://debuginfod.ubuntu.com PYTHONPATH=/home/vicen/ISDEFE/ros2_hla_ws/build/ROS2HLA_Bridge/prefix_override:/usr/lib/python3/dist-packages/colcon_core/task/python/colcon_distutils_commands:/home/vicen/ISDEFE/ros2_hla_ws/install/ROS2HLA_Bridge/lib/python3.12/site-packages:${PYTHONPATH} /usr/bin/python3 -W ignore:setup.py install is deprecated -W ignore:easy_install command is deprecated setup.py develop --editable --build-directory /home/vicen/ISDEFE/ros2_hla_ws/build/ROS2HLA_Bridge/build --no-deps symlink_data --force
