[0.010s] Invoking command in '/home/vicen/ISDEFE/GZ_HLA_ws/build/Prototipo_GZ_HLA': CMAKE_PREFIX_PATH=${CMAKE_PREFIX_PATH}:/opt/ros/jazzy DEBUGINFOD_URLS=https://debuginfod.ubuntu.com /usr/bin/cmake --build /home/vicen/ISDEFE/GZ_HLA_ws/build/Prototipo_GZ_HLA -- -j20 -l20
[0.036s] -- Found ament_cmake: 2.5.4 (/opt/ros/jazzy/share/ament_cmake/cmake)
[0.304s] WARNING: Package name "Prototipo_GZ_HLA" does not follow the naming conventions. It should start with a lower case letter and only contain lower case letters, digits, underscores, and dashes.
[0.316s] -- Configuring done (0.3s)
[0.317s] -- Generating done (0.0s)
[0.319s] -- Build files have been written to: /home/vicen/ISDEFE/GZ_HLA_ws/build/Prototipo_GZ_HLA
[0.337s] Invoked command in '/home/vicen/ISDEFE/GZ_HLA_ws/build/Prototipo_GZ_HLA' returned '0': CMAKE_PREFIX_PATH=${CMAKE_PREFIX_PATH}:/opt/ros/jazzy DEBUGINFOD_URLS=https://debuginfod.ubuntu.com /usr/bin/cmake --build /home/vicen/ISDEFE/GZ_HLA_ws/build/Prototipo_GZ_HLA -- -j20 -l20
[0.347s] Invoking command in '/home/vicen/ISDEFE/GZ_HLA_ws/build/Prototipo_GZ_HLA': CMAKE_PREFIX_PATH=${CMAKE_PREFIX_PATH}:/opt/ros/jazzy DEBUGINFOD_URLS=https://debuginfod.ubuntu.com /usr/bin/cmake --install /home/vicen/ISDEFE/GZ_HLA_ws/build/Prototipo_GZ_HLA
[0.356s] -- Install configuration: ""
[0.356s] -- Up-to-date: /home/vicen/ISDEFE/GZ_HLA_ws/install/Prototipo_GZ_HLA/share/Prototipo_GZ_HLA/launch
[0.356s] -- Up-to-date: /home/vicen/ISDEFE/GZ_HLA_ws/install/Prototipo_GZ_HLA/share/Prototipo_GZ_HLA/launch/server.launch.py
[0.356s] -- Installing: /home/vicen/ISDEFE/GZ_HLA_ws/install/Prototipo_GZ_HLA/share/Prototipo_GZ_HLA/launch/client.launch.py
[0.356s] -- Up-to-date: /home/vicen/ISDEFE/GZ_HLA_ws/install/Prototipo_GZ_HLA/share/Prototipo_GZ_HLA/config
[0.356s] -- Up-to-date: /home/vicen/ISDEFE/GZ_HLA_ws/install/Prototipo_GZ_HLA/share/Prototipo_GZ_HLA/config/server_config.yaml
[0.356s] -- Up-to-date: /home/vicen/ISDEFE/GZ_HLA_ws/install/Prototipo_GZ_HLA/share/Prototipo_GZ_HLA/config/client.rviz
[0.357s] -- Up-to-date: /home/vicen/ISDEFE/GZ_HLA_ws/install/Prototipo_GZ_HLA/share/Prototipo_GZ_HLA/config/client_config.yaml
[0.357s] -- Up-to-date: /home/vicen/ISDEFE/GZ_HLA_ws/install/Prototipo_GZ_HLA/share/Prototipo_GZ_HLA/worlds
[0.357s] -- Installing: /home/vicen/ISDEFE/GZ_HLA_ws/install/Prototipo_GZ_HLA/lib/Prototipo_GZ_HLA/spawn_robot.py
[0.357s] -- Installing: /home/vicen/ISDEFE/GZ_HLA_ws/install/Prototipo_GZ_HLA/lib/Prototipo_GZ_HLA/pose_to_tf.py
[0.357s] -- Up-to-date: /home/vicen/ISDEFE/GZ_HLA_ws/install/Prototipo_GZ_HLA/share/ament_index/resource_index/package_run_dependencies/Prototipo_GZ_HLA
[0.357s] -- Up-to-date: /home/vicen/ISDEFE/GZ_HLA_ws/install/Prototipo_GZ_HLA/share/ament_index/resource_index/parent_prefix_path/Prototipo_GZ_HLA
[0.357s] -- Up-to-date: /home/vicen/ISDEFE/GZ_HLA_ws/install/Prototipo_GZ_HLA/share/Prototipo_GZ_HLA/environment/ament_prefix_path.sh
[0.358s] -- Up-to-date: /home/vicen/ISDEFE/GZ_HLA_ws/install/Prototipo_GZ_HLA/share/Prototipo_GZ_HLA/environment/ament_prefix_path.dsv
[0.358s] -- Up-to-date: /home/vicen/ISDEFE/GZ_HLA_ws/install/Prototipo_GZ_HLA/share/Prototipo_GZ_HLA/environment/path.sh
[0.358s] -- Up-to-date: /home/vicen/ISDEFE/GZ_HLA_ws/install/Prototipo_GZ_HLA/share/Prototipo_GZ_HLA/environment/path.dsv
[0.358s] -- Up-to-date: /home/vicen/ISDEFE/GZ_HLA_ws/install/Prototipo_GZ_HLA/share/Prototipo_GZ_HLA/local_setup.bash
[0.358s] -- Up-to-date: /home/vicen/ISDEFE/GZ_HLA_ws/install/Prototipo_GZ_HLA/share/Prototipo_GZ_HLA/local_setup.sh
[0.358s] -- Up-to-date: /home/vicen/ISDEFE/GZ_HLA_ws/install/Prototipo_GZ_HLA/share/Prototipo_GZ_HLA/local_setup.zsh
[0.358s] -- Up-to-date: /home/vicen/ISDEFE/GZ_HLA_ws/install/Prototipo_GZ_HLA/share/Prototipo_GZ_HLA/local_setup.dsv
[0.358s] -- Installing: /home/vicen/ISDEFE/GZ_HLA_ws/install/Prototipo_GZ_HLA/share/Prototipo_GZ_HLA/package.dsv
[0.359s] -- Up-to-date: /home/vicen/ISDEFE/GZ_HLA_ws/install/Prototipo_GZ_HLA/share/ament_index/resource_index/packages/Prototipo_GZ_HLA
[0.359s] -- Up-to-date: /home/vicen/ISDEFE/GZ_HLA_ws/install/Prototipo_GZ_HLA/share/Prototipo_GZ_HLA/cmake/Prototipo_GZ_HLAConfig.cmake
[0.359s] -- Up-to-date: /home/vicen/ISDEFE/GZ_HLA_ws/install/Prototipo_GZ_HLA/share/Prototipo_GZ_HLA/cmake/Prototipo_GZ_HLAConfig-version.cmake
[0.360s] -- Up-to-date: /home/vicen/ISDEFE/GZ_HLA_ws/install/Prototipo_GZ_HLA/share/Prototipo_GZ_HLA/package.xml
[0.360s] Invoked command in '/home/vicen/ISDEFE/GZ_HLA_ws/build/Prototipo_GZ_HLA' returned '0': CMAKE_PREFIX_PATH=${CMAKE_PREFIX_PATH}:/opt/ros/jazzy DEBUGINFOD_URLS=https://debuginfod.ubuntu.com /usr/bin/cmake --install /home/vicen/ISDEFE/GZ_HLA_ws/build/Prototipo_GZ_HLA
