[0.098s] [34mcolcon[0m [1;30mDEBUG[0m [32mCommand line arguments: ['/usr/bin/colcon', 'build'][0m
[0.098s] [34mcolcon[0m [1;30mDEBUG[0m [32mParsed command line arguments: Namespace(log_base=None, log_level=None, verb_name='build', build_base='build', install_base='install', merge_install=False, symlink_install=False, test_result_base=None, continue_on_error=False, executor='parallel', parallel_workers=20, event_handlers=None, ignore_user_meta=False, metas=['./colcon.meta'], base_paths=['.'], packages_ignore=None, packages_ignore_regex=None, paths=None, packages_up_to=None, packages_up_to_regex=None, packages_above=None, packages_above_and_dependencies=None, packages_above_depth=None, packages_select_by_dep=None, packages_skip_by_dep=None, packages_skip_up_to=None, packages_select_build_failed=False, packages_skip_build_finished=False, packages_select_test_failures=False, packages_skip_test_passed=False, packages_select=None, packages_skip=None, packages_select_regex=None, packages_skip_regex=None, packages_start=None, packages_end=None, allow_overriding=[], cmake_args=None, cmake_target=None, cmake_target_skip_unavailable=False, cmake_clean_cache=False, cmake_clean_first=False, cmake_force_configure=False, ament_cmake_args=None, catkin_cmake_args=None, catkin_skip_building_tests=False, mixin_files=None, mixin=None, verb_parser=<colcon_mixin.mixin.mixin_argument.MixinArgumentDecorator object at 0x79f64c80b800>, verb_extension=<colcon_core.verb.build.BuildVerb object at 0x79f64c80b0e0>, main=<bound method BuildVerb.main of <colcon_core.verb.build.BuildVerb object at 0x79f64c80b0e0>>, mixin_verb=('build',))[0m
[0.126s] [34mcolcon.colcon_core.package_discovery[0m [1;30mLevel 1[0m discover_packages(colcon_meta) check parameters
[0.126s] [34mcolcon.colcon_core.package_discovery[0m [1;30mLevel 1[0m discover_packages(recursive) check parameters
[0.126s] [34mcolcon.colcon_core.package_discovery[0m [1;30mLevel 1[0m discover_packages(ignore) check parameters
[0.126s] [34mcolcon.colcon_core.package_discovery[0m [1;30mLevel 1[0m discover_packages(path) check parameters
[0.126s] [34mcolcon.colcon_core.package_discovery[0m [1;30mLevel 1[0m discover_packages(colcon_meta) discover
[0.126s] [34mcolcon.colcon_core.package_discovery[0m [1;30mLevel 1[0m discover_packages(recursive) discover
[0.126s] [34mcolcon.colcon_core.package_discovery[0m [1;30mINFO[0m Crawling recursively for packages in '/home/vicen/ISDEFE/GZ_HLA_ws'
[0.127s] [34mcolcon.colcon_core.package_identification[0m [1;30mLevel 1[0m _identify(.) by extensions ['ignore', 'ignore_ament_install']
[0.127s] [34mcolcon.colcon_core.package_identification[0m [1;30mLevel 1[0m _identify(.) by extension 'ignore'
[0.127s] [34mcolcon.colcon_core.package_identification[0m [1;30mLevel 1[0m _identify(.) by extension 'ignore_ament_install'
[0.127s] [34mcolcon.colcon_core.package_identification[0m [1;30mLevel 1[0m _identify(.) by extensions ['colcon_pkg']
[0.127s] [34mcolcon.colcon_core.package_identification[0m [1;30mLevel 1[0m _identify(.) by extension 'colcon_pkg'
[0.127s] [34mcolcon.colcon_core.package_identification[0m [1;30mLevel 1[0m _identify(.) by extensions ['colcon_meta']
[0.127s] [34mcolcon.colcon_core.package_identification[0m [1;30mLevel 1[0m _identify(.) by extension 'colcon_meta'
[0.127s] [34mcolcon.colcon_core.package_identification[0m [1;30mLevel 1[0m _identify(.) by extensions ['ros']
[0.127s] [34mcolcon.colcon_core.package_identification[0m [1;30mLevel 1[0m _identify(.) by extension 'ros'
[0.150s] [34mcolcon.colcon_core.package_identification[0m [1;30mLevel 1[0m _identify(.) by extensions ['cmake', 'python']
[0.150s] [34mcolcon.colcon_core.package_identification[0m [1;30mLevel 1[0m _identify(.) by extension 'cmake'
[0.150s] [34mcolcon.colcon_core.package_identification[0m [1;30mLevel 1[0m _identify(.) by extension 'python'
[0.150s] [34mcolcon.colcon_core.package_identification[0m [1;30mLevel 1[0m _identify(.) by extensions ['python_setup_py']
[0.150s] [34mcolcon.colcon_core.package_identification[0m [1;30mLevel 1[0m _identify(.) by extension 'python_setup_py'
[0.150s] [34mcolcon.colcon_core.package_identification[0m [1;30mLevel 1[0m _identify(build) by extensions ['ignore', 'ignore_ament_install']
[0.150s] [34mcolcon.colcon_core.package_identification[0m [1;30mLevel 1[0m _identify(build) by extension 'ignore'
[0.150s] [34mcolcon.colcon_core.package_identification[0m [1;30mLevel 1[0m _identify(build) ignored
[0.150s] [34mcolcon.colcon_core.package_identification[0m [1;30mLevel 1[0m _identify(install) by extensions ['ignore', 'ignore_ament_install']
[0.150s] [34mcolcon.colcon_core.package_identification[0m [1;30mLevel 1[0m _identify(install) by extension 'ignore'
[0.151s] [34mcolcon.colcon_core.package_identification[0m [1;30mLevel 1[0m _identify(install) ignored
[0.151s] [34mcolcon.colcon_core.package_identification[0m [1;30mLevel 1[0m _identify(log) by extensions ['ignore', 'ignore_ament_install']
[0.151s] [34mcolcon.colcon_core.package_identification[0m [1;30mLevel 1[0m _identify(log) by extension 'ignore'
[0.151s] [34mcolcon.colcon_core.package_identification[0m [1;30mLevel 1[0m _identify(log) ignored
[0.151s] [34mcolcon.colcon_core.package_identification[0m [1;30mLevel 1[0m _identify(src) by extensions ['ignore', 'ignore_ament_install']
[0.151s] [34mcolcon.colcon_core.package_identification[0m [1;30mLevel 1[0m _identify(src) by extension 'ignore'
[0.151s] [34mcolcon.colcon_core.package_identification[0m [1;30mLevel 1[0m _identify(src) by extension 'ignore_ament_install'
[0.151s] [34mcolcon.colcon_core.package_identification[0m [1;30mLevel 1[0m _identify(src) by extensions ['colcon_pkg']
[0.151s] [34mcolcon.colcon_core.package_identification[0m [1;30mLevel 1[0m _identify(src) by extension 'colcon_pkg'
[0.151s] [34mcolcon.colcon_core.package_identification[0m [1;30mLevel 1[0m _identify(src) by extensions ['colcon_meta']
[0.151s] [34mcolcon.colcon_core.package_identification[0m [1;30mLevel 1[0m _identify(src) by extension 'colcon_meta'
[0.151s] [34mcolcon.colcon_core.package_identification[0m [1;30mLevel 1[0m _identify(src) by extensions ['ros']
[0.151s] [34mcolcon.colcon_core.package_identification[0m [1;30mLevel 1[0m _identify(src) by extension 'ros'
[0.151s] [34mcolcon.colcon_core.package_identification[0m [1;30mLevel 1[0m _identify(src) by extensions ['cmake', 'python']
[0.151s] [34mcolcon.colcon_core.package_identification[0m [1;30mLevel 1[0m _identify(src) by extension 'cmake'
[0.151s] [34mcolcon.colcon_core.package_identification[0m [1;30mLevel 1[0m _identify(src) by extension 'python'
[0.151s] [34mcolcon.colcon_core.package_identification[0m [1;30mLevel 1[0m _identify(src) by extensions ['python_setup_py']
[0.151s] [34mcolcon.colcon_core.package_identification[0m [1;30mLevel 1[0m _identify(src) by extension 'python_setup_py'
[0.151s] [34mcolcon.colcon_core.package_identification[0m [1;30mLevel 1[0m _identify(src/Bridge_HLA2ROS2) by extensions ['ignore', 'ignore_ament_install']
[0.151s] [34mcolcon.colcon_core.package_identification[0m [1;30mLevel 1[0m _identify(src/Bridge_HLA2ROS2) by extension 'ignore'
[0.151s] [34mcolcon.colcon_core.package_identification[0m [1;30mLevel 1[0m _identify(src/Bridge_HLA2ROS2) by extension 'ignore_ament_install'
[0.151s] [34mcolcon.colcon_core.package_identification[0m [1;30mLevel 1[0m _identify(src/Bridge_HLA2ROS2) by extensions ['colcon_pkg']
[0.151s] [34mcolcon.colcon_core.package_identification[0m [1;30mLevel 1[0m _identify(src/Bridge_HLA2ROS2) by extension 'colcon_pkg'
[0.151s] [34mcolcon.colcon_core.package_identification[0m [1;30mLevel 1[0m _identify(src/Bridge_HLA2ROS2) by extensions ['colcon_meta']
[0.151s] [34mcolcon.colcon_core.package_identification[0m [1;30mLevel 1[0m _identify(src/Bridge_HLA2ROS2) by extension 'colcon_meta'
[0.152s] [34mcolcon.colcon_core.package_identification[0m [1;30mLevel 1[0m _identify(src/Bridge_HLA2ROS2) by extensions ['ros']
[0.152s] [34mcolcon.colcon_core.package_identification[0m [1;30mLevel 1[0m _identify(src/Bridge_HLA2ROS2) by extension 'ros'
[0.154s] [34mcolcon.colcon_core.package_identification[0m [1;30mDEBUG[0m [32mPackage 'src/Bridge_HLA2ROS2' with type 'ros.ament_python' and name 'bridge_hla2ros2'[0m
[0.154s] [34mcolcon.colcon_core.package_identification[0m [1;30mLevel 1[0m _identify(src/Prototipo_GZ_HLA) by extensions ['ignore', 'ignore_ament_install']
[0.154s] [34mcolcon.colcon_core.package_identification[0m [1;30mLevel 1[0m _identify(src/Prototipo_GZ_HLA) by extension 'ignore'
[0.154s] [34mcolcon.colcon_core.package_identification[0m [1;30mLevel 1[0m _identify(src/Prototipo_GZ_HLA) by extension 'ignore_ament_install'
[0.154s] [34mcolcon.colcon_core.package_identification[0m [1;30mLevel 1[0m _identify(src/Prototipo_GZ_HLA) by extensions ['colcon_pkg']
[0.154s] [34mcolcon.colcon_core.package_identification[0m [1;30mLevel 1[0m _identify(src/Prototipo_GZ_HLA) by extension 'colcon_pkg'
[0.154s] [34mcolcon.colcon_core.package_identification[0m [1;30mLevel 1[0m _identify(src/Prototipo_GZ_HLA) by extensions ['colcon_meta']
[0.154s] [34mcolcon.colcon_core.package_identification[0m [1;30mLevel 1[0m _identify(src/Prototipo_GZ_HLA) by extension 'colcon_meta'
[0.154s] [34mcolcon.colcon_core.package_identification[0m [1;30mLevel 1[0m _identify(src/Prototipo_GZ_HLA) by extensions ['ros']
[0.154s] [34mcolcon.colcon_core.package_identification[0m [1;30mLevel 1[0m _identify(src/Prototipo_GZ_HLA) by extension 'ros'
[0.155s] [34mcolcon.colcon_core.package_identification[0m [1;30mDEBUG[0m [32mPackage 'src/Prototipo_GZ_HLA' with type 'ros.ament_cmake' and name 'Prototipo_GZ_HLA'[0m
[0.155s] [34mcolcon.colcon_core.package_discovery[0m [1;30mLevel 1[0m discover_packages(recursive) using defaults
[0.155s] [34mcolcon.colcon_core.package_discovery[0m [1;30mLevel 1[0m discover_packages(ignore) discover
[0.155s] [34mcolcon.colcon_core.package_discovery[0m [1;30mLevel 1[0m discover_packages(ignore) using defaults
[0.155s] [34mcolcon.colcon_core.package_discovery[0m [1;30mLevel 1[0m discover_packages(path) discover
[0.155s] [34mcolcon.colcon_core.package_discovery[0m [1;30mLevel 1[0m discover_packages(path) using defaults
[0.168s] [34mcolcon.colcon_core.package_discovery[0m [1;30mLevel 1[0m discover_packages(prefix_path) check parameters
[0.168s] [34mcolcon.colcon_core.package_discovery[0m [1;30mLevel 1[0m discover_packages(prefix_path) discover
[0.171s] [34mcolcon.colcon_installed_package_information.package_discovery[0m [1;30mDEBUG[0m [32mFound 483 installed packages in /opt/ros/jazzy[0m
[0.172s] [34mcolcon.colcon_core.package_discovery[0m [1;30mLevel 1[0m discover_packages(prefix_path) using defaults
[0.222s] [34mcolcon.colcon_core.verb[0m [1;30mLevel 5[0m set package 'Prototipo_GZ_HLA' build argument 'cmake_args' from command line to 'None'
[0.222s] [34mcolcon.colcon_core.verb[0m [1;30mLevel 5[0m set package 'Prototipo_GZ_HLA' build argument 'cmake_target' from command line to 'None'
[0.223s] [34mcolcon.colcon_core.verb[0m [1;30mLevel 5[0m set package 'Prototipo_GZ_HLA' build argument 'cmake_target_skip_unavailable' from command line to 'False'
[0.223s] [34mcolcon.colcon_core.verb[0m [1;30mLevel 5[0m set package 'Prototipo_GZ_HLA' build argument 'cmake_clean_cache' from command line to 'False'
[0.223s] [34mcolcon.colcon_core.verb[0m [1;30mLevel 5[0m set package 'Prototipo_GZ_HLA' build argument 'cmake_clean_first' from command line to 'False'
[0.223s] [34mcolcon.colcon_core.verb[0m [1;30mLevel 5[0m set package 'Prototipo_GZ_HLA' build argument 'cmake_force_configure' from command line to 'False'
[0.223s] [34mcolcon.colcon_core.verb[0m [1;30mLevel 5[0m set package 'Prototipo_GZ_HLA' build argument 'ament_cmake_args' from command line to 'None'
[0.223s] [34mcolcon.colcon_core.verb[0m [1;30mLevel 5[0m set package 'Prototipo_GZ_HLA' build argument 'catkin_cmake_args' from command line to 'None'
[0.223s] [34mcolcon.colcon_core.verb[0m [1;30mLevel 5[0m set package 'Prototipo_GZ_HLA' build argument 'catkin_skip_building_tests' from command line to 'False'
[0.223s] [34mcolcon.colcon_core.verb[0m [1;30mDEBUG[0m [32mBuilding package 'Prototipo_GZ_HLA' with the following arguments: {'ament_cmake_args': None, 'build_base': '/home/vicen/ISDEFE/GZ_HLA_ws/build/Prototipo_GZ_HLA', 'catkin_cmake_args': None, 'catkin_skip_building_tests': False, 'cmake_args': None, 'cmake_clean_cache': False, 'cmake_clean_first': False, 'cmake_force_configure': False, 'cmake_target': None, 'cmake_target_skip_unavailable': False, 'install_base': '/home/vicen/ISDEFE/GZ_HLA_ws/install/Prototipo_GZ_HLA', 'merge_install': False, 'path': '/home/vicen/ISDEFE/GZ_HLA_ws/src/Prototipo_GZ_HLA', 'symlink_install': False, 'test_result_base': None}[0m
[0.223s] [34mcolcon.colcon_core.verb[0m [1;30mLevel 5[0m set package 'bridge_hla2ros2' build argument 'cmake_args' from command line to 'None'
[0.223s] [34mcolcon.colcon_core.verb[0m [1;30mLevel 5[0m set package 'bridge_hla2ros2' build argument 'cmake_target' from command line to 'None'
[0.223s] [34mcolcon.colcon_core.verb[0m [1;30mLevel 5[0m set package 'bridge_hla2ros2' build argument 'cmake_target_skip_unavailable' from command line to 'False'
[0.223s] [34mcolcon.colcon_core.verb[0m [1;30mLevel 5[0m set package 'bridge_hla2ros2' build argument 'cmake_clean_cache' from command line to 'False'
[0.223s] [34mcolcon.colcon_core.verb[0m [1;30mLevel 5[0m set package 'bridge_hla2ros2' build argument 'cmake_clean_first' from command line to 'False'
[0.223s] [34mcolcon.colcon_core.verb[0m [1;30mLevel 5[0m set package 'bridge_hla2ros2' build argument 'cmake_force_configure' from command line to 'False'
[0.223s] [34mcolcon.colcon_core.verb[0m [1;30mLevel 5[0m set package 'bridge_hla2ros2' build argument 'ament_cmake_args' from command line to 'None'
[0.223s] [34mcolcon.colcon_core.verb[0m [1;30mLevel 5[0m set package 'bridge_hla2ros2' build argument 'catkin_cmake_args' from command line to 'None'
[0.223s] [34mcolcon.colcon_core.verb[0m [1;30mLevel 5[0m set package 'bridge_hla2ros2' build argument 'catkin_skip_building_tests' from command line to 'False'
[0.223s] [34mcolcon.colcon_core.verb[0m [1;30mDEBUG[0m [32mBuilding package 'bridge_hla2ros2' with the following arguments: {'ament_cmake_args': None, 'build_base': '/home/vicen/ISDEFE/GZ_HLA_ws/build/bridge_hla2ros2', 'catkin_cmake_args': None, 'catkin_skip_building_tests': False, 'cmake_args': None, 'cmake_clean_cache': False, 'cmake_clean_first': False, 'cmake_force_configure': False, 'cmake_target': None, 'cmake_target_skip_unavailable': False, 'install_base': '/home/vicen/ISDEFE/GZ_HLA_ws/install/bridge_hla2ros2', 'merge_install': False, 'path': '/home/vicen/ISDEFE/GZ_HLA_ws/src/Bridge_HLA2ROS2', 'symlink_install': False, 'test_result_base': None}[0m
[0.223s] [34mcolcon.colcon_core.executor[0m [1;30mINFO[0m Executing jobs using 'parallel' executor
[0.224s] [34mcolcon.colcon_parallel_executor.executor.parallel[0m [1;30mDEBUG[0m [32mrun_until_complete[0m
[0.225s] [34mcolcon.colcon_ros.task.ament_cmake.build[0m [1;30mINFO[0m Building ROS package in '/home/vicen/ISDEFE/GZ_HLA_ws/src/Prototipo_GZ_HLA' with build type 'ament_cmake'
[0.225s] [34mcolcon.colcon_cmake.task.cmake.build[0m [1;30mINFO[0m Building CMake package in '/home/vicen/ISDEFE/GZ_HLA_ws/src/Prototipo_GZ_HLA'
[0.226s] [34mcolcon.colcon_core.plugin_system[0m [1;30mINFO[0m Skipping extension 'colcon_core.shell.bat': Not used on non-Windows systems
[0.226s] [34mcolcon.colcon_core.shell[0m [1;30mINFO[0m Skip shell extension 'powershell' for command environment: Not usable outside of PowerShell
[0.226s] [34mcolcon.colcon_core.shell[0m [1;30mDEBUG[0m [32mSkip shell extension 'dsv' for command environment[0m
[0.229s] [34mcolcon.colcon_ros.task.ament_python.build[0m [1;30mINFO[0m Building ROS package in '/home/vicen/ISDEFE/GZ_HLA_ws/src/Bridge_HLA2ROS2' with build type 'ament_python'
[0.230s] [34mcolcon.colcon_core.shell[0m [1;30mLevel 1[0m create_environment_hook('bridge_hla2ros2', 'ament_prefix_path')
[0.230s] [34mcolcon.colcon_core.shell[0m [1;30mINFO[0m Creating environment hook '/home/vicen/ISDEFE/GZ_HLA_ws/install/bridge_hla2ros2/share/bridge_hla2ros2/hook/ament_prefix_path.ps1'
[0.230s] [34mcolcon.colcon_core.shell[0m [1;30mINFO[0m Creating environment descriptor '/home/vicen/ISDEFE/GZ_HLA_ws/install/bridge_hla2ros2/share/bridge_hla2ros2/hook/ament_prefix_path.dsv'
[0.231s] [34mcolcon.colcon_core.shell[0m [1;30mINFO[0m Creating environment hook '/home/vicen/ISDEFE/GZ_HLA_ws/install/bridge_hla2ros2/share/bridge_hla2ros2/hook/ament_prefix_path.sh'
[0.231s] [34mcolcon.colcon_core.shell[0m [1;30mINFO[0m Skip shell extension 'powershell' for command environment: Not usable outside of PowerShell
[0.231s] [34mcolcon.colcon_core.shell[0m [1;30mDEBUG[0m [32mSkip shell extension 'dsv' for command environment[0m
[0.237s] [34mcolcon.colcon_core.event_handler.log_command[0m [1;30mDEBUG[0m [32mInvoking command in '/home/vicen/ISDEFE/GZ_HLA_ws/build/Prototipo_GZ_HLA': CMAKE_PREFIX_PATH=${CMAKE_PREFIX_PATH}:/opt/ros/jazzy DEBUGINFOD_URLS=https://debuginfod.ubuntu.com /usr/bin/cmake --build /home/vicen/ISDEFE/GZ_HLA_ws/build/Prototipo_GZ_HLA -- -j20 -l20[0m
[0.406s] [34mcolcon.colcon_core.task.python.build[0m [1;30mINFO[0m Building Python package in '/home/vicen/ISDEFE/GZ_HLA_ws/src/Bridge_HLA2ROS2'
[0.406s] [34mcolcon.colcon_core.shell[0m [1;30mINFO[0m Skip shell extension 'powershell' for command environment: Not usable outside of PowerShell
[0.406s] [34mcolcon.colcon_core.shell[0m [1;30mDEBUG[0m [32mSkip shell extension 'dsv' for command environment[0m
[0.410s] [34mcolcon.colcon_core.event_handler.log_command[0m [1;30mDEBUG[0m [32mInvoked command in '/home/vicen/ISDEFE/GZ_HLA_ws/build/Prototipo_GZ_HLA' returned '0': CMAKE_PREFIX_PATH=${CMAKE_PREFIX_PATH}:/opt/ros/jazzy DEBUGINFOD_URLS=https://debuginfod.ubuntu.com /usr/bin/cmake --build /home/vicen/ISDEFE/GZ_HLA_ws/build/Prototipo_GZ_HLA -- -j20 -l20[0m
[0.417s] [34mcolcon.colcon_core.event_handler.log_command[0m [1;30mDEBUG[0m [32mInvoking command in '/home/vicen/ISDEFE/GZ_HLA_ws/build/Prototipo_GZ_HLA': CMAKE_PREFIX_PATH=${CMAKE_PREFIX_PATH}:/opt/ros/jazzy DEBUGINFOD_URLS=https://debuginfod.ubuntu.com /usr/bin/cmake --install /home/vicen/ISDEFE/GZ_HLA_ws/build/Prototipo_GZ_HLA[0m
[0.426s] [34mcolcon.colcon_core.environment[0m [1;30mLevel 1[0m create_environment_scripts_only(Prototipo_GZ_HLA)
[0.427s] [34mcolcon.colcon_core.event_handler.log_command[0m [1;30mDEBUG[0m [32mInvoked command in '/home/vicen/ISDEFE/GZ_HLA_ws/build/Prototipo_GZ_HLA' returned '0': CMAKE_PREFIX_PATH=${CMAKE_PREFIX_PATH}:/opt/ros/jazzy DEBUGINFOD_URLS=https://debuginfod.ubuntu.com /usr/bin/cmake --install /home/vicen/ISDEFE/GZ_HLA_ws/build/Prototipo_GZ_HLA[0m
[0.429s] [34mcolcon.colcon_core.environment[0m [1;30mLevel 1[0m checking '/home/vicen/ISDEFE/GZ_HLA_ws/install/Prototipo_GZ_HLA' for CMake module files
[0.430s] [34mcolcon.colcon_core.environment[0m [1;30mLevel 1[0m checking '/home/vicen/ISDEFE/GZ_HLA_ws/install/Prototipo_GZ_HLA' for CMake config files
[0.431s] [34mcolcon.colcon_core.shell[0m [1;30mLevel 1[0m create_environment_hook('Prototipo_GZ_HLA', 'cmake_prefix_path')
[0.431s] [34mcolcon.colcon_core.shell[0m [1;30mINFO[0m Creating environment hook '/home/vicen/ISDEFE/GZ_HLA_ws/install/Prototipo_GZ_HLA/share/Prototipo_GZ_HLA/hook/cmake_prefix_path.ps1'
[0.431s] [34mcolcon.colcon_core.shell[0m [1;30mINFO[0m Creating environment descriptor '/home/vicen/ISDEFE/GZ_HLA_ws/install/Prototipo_GZ_HLA/share/Prototipo_GZ_HLA/hook/cmake_prefix_path.dsv'
[0.431s] [34mcolcon.colcon_core.shell[0m [1;30mINFO[0m Creating environment hook '/home/vicen/ISDEFE/GZ_HLA_ws/install/Prototipo_GZ_HLA/share/Prototipo_GZ_HLA/hook/cmake_prefix_path.sh'
[0.432s] [34mcolcon.colcon_core.environment[0m [1;30mLevel 1[0m checking '/home/vicen/ISDEFE/GZ_HLA_ws/install/Prototipo_GZ_HLA/lib'
[0.432s] [34mcolcon.colcon_core.environment[0m [1;30mLevel 1[0m checking '/home/vicen/ISDEFE/GZ_HLA_ws/install/Prototipo_GZ_HLA/bin'
[0.432s] [34mcolcon.colcon_core.environment[0m [1;30mLevel 1[0m checking '/home/vicen/ISDEFE/GZ_HLA_ws/install/Prototipo_GZ_HLA/lib/pkgconfig/Prototipo_GZ_HLA.pc'
[0.432s] [34mcolcon.colcon_core.environment[0m [1;30mLevel 1[0m checking '/home/vicen/ISDEFE/GZ_HLA_ws/install/Prototipo_GZ_HLA/lib/python3.12/site-packages'
[0.432s] [34mcolcon.colcon_core.environment[0m [1;30mLevel 1[0m checking '/home/vicen/ISDEFE/GZ_HLA_ws/install/Prototipo_GZ_HLA/bin'
[0.432s] [34mcolcon.colcon_core.shell[0m [1;30mINFO[0m Creating package script '/home/vicen/ISDEFE/GZ_HLA_ws/install/Prototipo_GZ_HLA/share/Prototipo_GZ_HLA/package.ps1'
[0.433s] [34mcolcon.colcon_core.shell[0m [1;30mINFO[0m Creating package descriptor '/home/vicen/ISDEFE/GZ_HLA_ws/install/Prototipo_GZ_HLA/share/Prototipo_GZ_HLA/package.dsv'
[0.433s] [34mcolcon.colcon_core.shell[0m [1;30mINFO[0m Creating package script '/home/vicen/ISDEFE/GZ_HLA_ws/install/Prototipo_GZ_HLA/share/Prototipo_GZ_HLA/package.sh'
[0.433s] [34mcolcon.colcon_core.shell[0m [1;30mINFO[0m Creating package script '/home/vicen/ISDEFE/GZ_HLA_ws/install/Prototipo_GZ_HLA/share/Prototipo_GZ_HLA/package.bash'
[0.434s] [34mcolcon.colcon_core.shell[0m [1;30mINFO[0m Creating package script '/home/vicen/ISDEFE/GZ_HLA_ws/install/Prototipo_GZ_HLA/share/Prototipo_GZ_HLA/package.zsh'
[0.434s] [34mcolcon.colcon_core.environment[0m [1;30mLevel 1[0m create_file_with_runtime_dependencies(/home/vicen/ISDEFE/GZ_HLA_ws/install/Prototipo_GZ_HLA/share/colcon-core/packages/Prototipo_GZ_HLA)
[0.434s] [34mcolcon.colcon_core.environment[0m [1;30mLevel 1[0m create_environment_scripts_only(Prototipo_GZ_HLA)
[0.434s] [34mcolcon.colcon_core.environment[0m [1;30mLevel 1[0m checking '/home/vicen/ISDEFE/GZ_HLA_ws/install/Prototipo_GZ_HLA' for CMake module files
[0.435s] [34mcolcon.colcon_core.environment[0m [1;30mLevel 1[0m checking '/home/vicen/ISDEFE/GZ_HLA_ws/install/Prototipo_GZ_HLA' for CMake config files
[0.435s] [34mcolcon.colcon_core.shell[0m [1;30mLevel 1[0m create_environment_hook('Prototipo_GZ_HLA', 'cmake_prefix_path')
[0.435s] [34mcolcon.colcon_core.shell[0m [1;30mINFO[0m Creating environment hook '/home/vicen/ISDEFE/GZ_HLA_ws/install/Prototipo_GZ_HLA/share/Prototipo_GZ_HLA/hook/cmake_prefix_path.ps1'
[0.435s] [34mcolcon.colcon_core.shell[0m [1;30mINFO[0m Creating environment descriptor '/home/vicen/ISDEFE/GZ_HLA_ws/install/Prototipo_GZ_HLA/share/Prototipo_GZ_HLA/hook/cmake_prefix_path.dsv'
[0.435s] [34mcolcon.colcon_core.shell[0m [1;30mINFO[0m Creating environment hook '/home/vicen/ISDEFE/GZ_HLA_ws/install/Prototipo_GZ_HLA/share/Prototipo_GZ_HLA/hook/cmake_prefix_path.sh'
[0.436s] [34mcolcon.colcon_core.environment[0m [1;30mLevel 1[0m checking '/home/vicen/ISDEFE/GZ_HLA_ws/install/Prototipo_GZ_HLA/lib'
[0.436s] [34mcolcon.colcon_core.environment[0m [1;30mLevel 1[0m checking '/home/vicen/ISDEFE/GZ_HLA_ws/install/Prototipo_GZ_HLA/bin'
[0.436s] [34mcolcon.colcon_core.environment[0m [1;30mLevel 1[0m checking '/home/vicen/ISDEFE/GZ_HLA_ws/install/Prototipo_GZ_HLA/lib/pkgconfig/Prototipo_GZ_HLA.pc'
[0.436s] [34mcolcon.colcon_core.environment[0m [1;30mLevel 1[0m checking '/home/vicen/ISDEFE/GZ_HLA_ws/install/Prototipo_GZ_HLA/lib/python3.12/site-packages'
[0.436s] [34mcolcon.colcon_core.environment[0m [1;30mLevel 1[0m checking '/home/vicen/ISDEFE/GZ_HLA_ws/install/Prototipo_GZ_HLA/bin'
[0.436s] [34mcolcon.colcon_core.shell[0m [1;30mINFO[0m Creating package script '/home/vicen/ISDEFE/GZ_HLA_ws/install/Prototipo_GZ_HLA/share/Prototipo_GZ_HLA/package.ps1'
[0.437s] [34mcolcon.colcon_core.shell[0m [1;30mINFO[0m Creating package descriptor '/home/vicen/ISDEFE/GZ_HLA_ws/install/Prototipo_GZ_HLA/share/Prototipo_GZ_HLA/package.dsv'
[0.437s] [34mcolcon.colcon_core.shell[0m [1;30mINFO[0m Creating package script '/home/vicen/ISDEFE/GZ_HLA_ws/install/Prototipo_GZ_HLA/share/Prototipo_GZ_HLA/package.sh'
[0.437s] [34mcolcon.colcon_core.shell[0m [1;30mINFO[0m Creating package script '/home/vicen/ISDEFE/GZ_HLA_ws/install/Prototipo_GZ_HLA/share/Prototipo_GZ_HLA/package.bash'
[0.437s] [34mcolcon.colcon_core.shell[0m [1;30mINFO[0m Creating package script '/home/vicen/ISDEFE/GZ_HLA_ws/install/Prototipo_GZ_HLA/share/Prototipo_GZ_HLA/package.zsh'
[0.438s] [34mcolcon.colcon_core.environment[0m [1;30mLevel 1[0m create_file_with_runtime_dependencies(/home/vicen/ISDEFE/GZ_HLA_ws/install/Prototipo_GZ_HLA/share/colcon-core/packages/Prototipo_GZ_HLA)
[0.913s] [34mcolcon.colcon_core.event_handler.log_command[0m [1;30mDEBUG[0m [32mInvoking command in '/home/vicen/ISDEFE/GZ_HLA_ws/src/Bridge_HLA2ROS2': DEBUGINFOD_URLS=https://debuginfod.ubuntu.com PYTHONPATH=/home/vicen/ISDEFE/GZ_HLA_ws/build/bridge_hla2ros2/prefix_override:/usr/lib/python3/dist-packages/colcon_core/task/python/colcon_distutils_commands:/home/vicen/ISDEFE/GZ_HLA_ws/install/bridge_hla2ros2/lib/python3.12/site-packages:${PYTHONPATH} /usr/bin/python3 -W ignore:setup.py install is deprecated -W ignore:easy_install command is deprecated setup.py egg_info --egg-base ../../build/bridge_hla2ros2 build --build-base /home/vicen/ISDEFE/GZ_HLA_ws/build/bridge_hla2ros2/build install --record /home/vicen/ISDEFE/GZ_HLA_ws/build/bridge_hla2ros2/install.log --single-version-externally-managed install_data[0m
[1.385s] [34mcolcon.colcon_core.environment[0m [1;30mLevel 1[0m checking '/home/vicen/ISDEFE/GZ_HLA_ws/install/bridge_hla2ros2' for CMake module files
[1.385s] [34mcolcon.colcon_core.event_handler.log_command[0m [1;30mDEBUG[0m [32mInvoked command in '/home/vicen/ISDEFE/GZ_HLA_ws/src/Bridge_HLA2ROS2' returned '0': DEBUGINFOD_URLS=https://debuginfod.ubuntu.com PYTHONPATH=/home/vicen/ISDEFE/GZ_HLA_ws/build/bridge_hla2ros2/prefix_override:/usr/lib/python3/dist-packages/colcon_core/task/python/colcon_distutils_commands:/home/vicen/ISDEFE/GZ_HLA_ws/install/bridge_hla2ros2/lib/python3.12/site-packages:${PYTHONPATH} /usr/bin/python3 -W ignore:setup.py install is deprecated -W ignore:easy_install command is deprecated setup.py egg_info --egg-base ../../build/bridge_hla2ros2 build --build-base /home/vicen/ISDEFE/GZ_HLA_ws/build/bridge_hla2ros2/build install --record /home/vicen/ISDEFE/GZ_HLA_ws/build/bridge_hla2ros2/install.log --single-version-externally-managed install_data[0m
[1.386s] [34mcolcon.colcon_core.environment[0m [1;30mLevel 1[0m checking '/home/vicen/ISDEFE/GZ_HLA_ws/install/bridge_hla2ros2' for CMake config files
[1.386s] [34mcolcon.colcon_core.environment[0m [1;30mLevel 1[0m checking '/home/vicen/ISDEFE/GZ_HLA_ws/install/bridge_hla2ros2/lib'
[1.386s] [34mcolcon.colcon_core.environment[0m [1;30mLevel 1[0m checking '/home/vicen/ISDEFE/GZ_HLA_ws/install/bridge_hla2ros2/bin'
[1.386s] [34mcolcon.colcon_core.environment[0m [1;30mLevel 1[0m checking '/home/vicen/ISDEFE/GZ_HLA_ws/install/bridge_hla2ros2/lib/pkgconfig/bridge_hla2ros2.pc'
[1.387s] [34mcolcon.colcon_core.environment[0m [1;30mLevel 1[0m checking '/home/vicen/ISDEFE/GZ_HLA_ws/install/bridge_hla2ros2/lib/python3.12/site-packages'
[1.387s] [34mcolcon.colcon_core.shell[0m [1;30mLevel 1[0m create_environment_hook('bridge_hla2ros2', 'pythonpath')
[1.387s] [34mcolcon.colcon_core.shell[0m [1;30mINFO[0m Creating environment hook '/home/vicen/ISDEFE/GZ_HLA_ws/install/bridge_hla2ros2/share/bridge_hla2ros2/hook/pythonpath.ps1'
[1.387s] [34mcolcon.colcon_core.shell[0m [1;30mINFO[0m Creating environment descriptor '/home/vicen/ISDEFE/GZ_HLA_ws/install/bridge_hla2ros2/share/bridge_hla2ros2/hook/pythonpath.dsv'
[1.387s] [34mcolcon.colcon_core.shell[0m [1;30mINFO[0m Creating environment hook '/home/vicen/ISDEFE/GZ_HLA_ws/install/bridge_hla2ros2/share/bridge_hla2ros2/hook/pythonpath.sh'
[1.388s] [34mcolcon.colcon_core.environment[0m [1;30mLevel 1[0m checking '/home/vicen/ISDEFE/GZ_HLA_ws/install/bridge_hla2ros2/bin'
[1.388s] [34mcolcon.colcon_core.environment[0m [1;30mLevel 1[0m create_environment_scripts_only(bridge_hla2ros2)
[1.388s] [34mcolcon.colcon_core.shell[0m [1;30mINFO[0m Creating package script '/home/vicen/ISDEFE/GZ_HLA_ws/install/bridge_hla2ros2/share/bridge_hla2ros2/package.ps1'
[1.389s] [34mcolcon.colcon_core.shell[0m [1;30mINFO[0m Creating package descriptor '/home/vicen/ISDEFE/GZ_HLA_ws/install/bridge_hla2ros2/share/bridge_hla2ros2/package.dsv'
[1.389s] [34mcolcon.colcon_core.shell[0m [1;30mINFO[0m Creating package script '/home/vicen/ISDEFE/GZ_HLA_ws/install/bridge_hla2ros2/share/bridge_hla2ros2/package.sh'
[1.389s] [34mcolcon.colcon_core.shell[0m [1;30mINFO[0m Creating package script '/home/vicen/ISDEFE/GZ_HLA_ws/install/bridge_hla2ros2/share/bridge_hla2ros2/package.bash'
[1.389s] [34mcolcon.colcon_core.shell[0m [1;30mINFO[0m Creating package script '/home/vicen/ISDEFE/GZ_HLA_ws/install/bridge_hla2ros2/share/bridge_hla2ros2/package.zsh'
[1.390s] [34mcolcon.colcon_core.environment[0m [1;30mLevel 1[0m create_file_with_runtime_dependencies(/home/vicen/ISDEFE/GZ_HLA_ws/install/bridge_hla2ros2/share/colcon-core/packages/bridge_hla2ros2)
[1.390s] [34mcolcon.colcon_parallel_executor.executor.parallel[0m [1;30mDEBUG[0m [32mclosing loop[0m
[1.390s] [34mcolcon.colcon_parallel_executor.executor.parallel[0m [1;30mDEBUG[0m [32mloop closed[0m
[1.390s] [34mcolcon.colcon_parallel_executor.executor.parallel[0m [1;30mDEBUG[0m [32mrun_until_complete finished with '0'[0m
[1.390s] [34mcolcon.colcon_core.event_reactor[0m [1;30mDEBUG[0m [32mjoining thread[0m
[1.395s] [34mcolcon.colcon_core.plugin_system[0m [1;30mINFO[0m Skipping extension 'colcon_notification.desktop_notification.terminal_notifier': Not used on non-Darwin systems
[1.395s] [34mcolcon.colcon_core.plugin_system[0m [1;30mINFO[0m Skipping extension 'colcon_notification.desktop_notification.win32': Not used on non-Windows systems
[1.395s] [34mcolcon.colcon_notification.desktop_notification[0m [1;30mINFO[0m Sending desktop notification using 'notify2'
[1.407s] [34mcolcon.colcon_core.event_reactor[0m [1;30mDEBUG[0m [32mjoined thread[0m
[1.407s] [34mcolcon.colcon_core.shell[0m [1;30mINFO[0m Creating prefix script '/home/vicen/ISDEFE/GZ_HLA_ws/install/local_setup.ps1'
[1.409s] [34mcolcon.colcon_core.shell[0m [1;30mINFO[0m Creating prefix util module '/home/vicen/ISDEFE/GZ_HLA_ws/install/_local_setup_util_ps1.py'
[1.410s] [34mcolcon.colcon_core.shell[0m [1;30mINFO[0m Creating prefix chain script '/home/vicen/ISDEFE/GZ_HLA_ws/install/setup.ps1'
[1.411s] [34mcolcon.colcon_core.shell[0m [1;30mINFO[0m Creating prefix script '/home/vicen/ISDEFE/GZ_HLA_ws/install/local_setup.sh'
[1.412s] [34mcolcon.colcon_core.shell[0m [1;30mINFO[0m Creating prefix util module '/home/vicen/ISDEFE/GZ_HLA_ws/install/_local_setup_util_sh.py'
[1.413s] [34mcolcon.colcon_core.shell[0m [1;30mINFO[0m Creating prefix chain script '/home/vicen/ISDEFE/GZ_HLA_ws/install/setup.sh'
[1.414s] [34mcolcon.colcon_core.shell[0m [1;30mINFO[0m Creating prefix script '/home/vicen/ISDEFE/GZ_HLA_ws/install/local_setup.bash'
[1.415s] [34mcolcon.colcon_core.shell[0m [1;30mINFO[0m Creating prefix chain script '/home/vicen/ISDEFE/GZ_HLA_ws/install/setup.bash'
[1.416s] [34mcolcon.colcon_core.shell[0m [1;30mINFO[0m Creating prefix script '/home/vicen/ISDEFE/GZ_HLA_ws/install/local_setup.zsh'
[1.416s] [34mcolcon.colcon_core.shell[0m [1;30mINFO[0m Creating prefix chain script '/home/vicen/ISDEFE/GZ_HLA_ws/install/setup.zsh'
